2024-04-15 13:35:11,737 - DEBUG - asyncio - Using selector: EpollSelector
2024-04-15 13:35:11,838 - DEBUG - __main__ - Sent message: {"uuid": "27f223dc-1efb-498a-b037-8ad6a16436c5", "content": "Hello Kafka! Producer online Here", "timestamp": "2024-04-15T13:35:11.737810"}
2024-04-15 13:35:12,839 - DEBUG - __main__ - Sent message: {"uuid": "ac7140c4-78e8-474e-a525-65870fc8ca74", "content": "Hello Kafka! Producer online Here", "timestamp": "2024-04-15T13:35:12.839727"}
2024-04-15 13:35:13,942 - DEBUG - __main__ - Sent message: {"uuid": "0c7df335-abe6-4701-94ea-9732d0f240b6", "content": "Hello Kafka! Producer online Here", "timestamp": "2024-04-15T13:35:13.841793"}
2024-04-15 13:35:15,044 - DEBUG - __main__ - Sent message: {"uuid": "f355ce15-a9d6-49a3-a80c-49d18e516325", "content": "Hello Kafka! Producer online Here", "timestamp": "2024-04-15T13:35:14.943993"}
2024-04-15 13:35:16,046 - DEBUG - __main__ - Sent message: {"uuid": "1253118e-cb1e-4c06-a2d9-f06b5408e8df", "content": "Hello Kafka! Producer online Here", "timestamp": "2024-04-15T13:35:16.046132"}
2024-04-15 13:35:16,622 - INFO - __main__ - Producer shutdown requested.
2024-04-15 13:35:49,260 - DEBUG - asyncio - Using selector: EpollSelector
2024-04-15 13:35:49,360 - DEBUG - __main__ - Sent message: {"uuid": "811ffb35-244b-41be-9052-187f4e3dc07d", "content": "Hello Kafka! Producer online Here", "timestamp": "2024-04-15T13:35:49.260422"}
2024-04-15 13:35:50,462 - DEBUG - __main__ - Sent message: {"uuid": "6a5a47ab-b46b-460f-8f91-78ed5b056a46", "content": "Hello Kafka! Producer online Here", "timestamp": "2024-04-15T13:35:50.362184"}
2024-04-15 13:35:51,464 - DEBUG - __main__ - Sent message: {"uuid": "beca08ce-2f6e-4d57-a697-2bdc41c9aeeb", "content": "Hello Kafka! Producer online Here", "timestamp": "2024-04-15T13:35:51.464287"}
2024-04-15 13:35:52,566 - DEBUG - __main__ - Sent message: {"uuid": "d5832170-7e77-4d4e-bcfe-eef7112a1686", "content": "Hello Kafka! Producer online Here", "timestamp": "2024-04-15T13:35:52.466545"}
2024-04-15 13:35:53,569 - DEBUG - __main__ - Sent message: {"uuid": "56f76f59-e5f6-434d-be7e-acd0d0a951d8", "content": "Hello Kafka! Producer online Here", "timestamp": "2024-04-15T13:35:53.568889"}
2024-04-15 13:35:54,671 - DEBUG - __main__ - Sent message: {"uuid": "7a3e08e9-0fc0-420f-ae0b-2a450809a86a", "content": "Hello Kafka! Producer online Here", "timestamp": "2024-04-15T13:35:54.571050"}
2024-04-15 13:35:55,774 - DEBUG - __main__ - Sent message: {"uuid": "a649191a-e05c-43c0-b9d6-e3d956c86c1f", "content": "Hello Kafka! Producer online Here", "timestamp": "2024-04-15T13:35:55.673606"}
2024-04-15 13:35:56,874 - DEBUG - __main__ - Sent message: {"uuid": "c9c0ec84-9201-4026-814f-387243a57fc2", "content": "Hello Kafka! Producer online Here", "timestamp": "2024-04-15T13:35:56.774762"}
2024-04-15 13:35:57,977 - DEBUG - __main__ - Sent message: {"uuid": "95b3a544-fcaf-424e-897f-32a2cf70dd8c", "content": "Hello Kafka! Producer online Here", "timestamp": "2024-04-15T13:35:57.876965"}
2024-04-15 13:35:59,079 - DEBUG - __main__ - Sent message: {"uuid": "3c8fcc65-e699-4c7c-9c5b-6d54e19361b2", "content": "Hello Kafka! Producer online Here", "timestamp": "2024-04-15T13:35:58.979232"}
2024-04-15 13:36:00,181 - DEBUG - __main__ - Sent message: {"uuid": "0297bec4-ab45-4ffc-9e3d-c0cefdf26b19", "content": "Hello Kafka! Producer online Here", "timestamp": "2024-04-15T13:36:00.081360"}
2024-04-15 13:36:01,284 - DEBUG - __main__ - Sent message: {"uuid": "60c1ff20-92cc-48bb-ad6d-cb2331f28b33", "content": "Hello Kafka! Producer online Here", "timestamp": "2024-04-15T13:36:01.183938"}
2024-04-15 13:36:01,347 - INFO - __main__ - Producer shutdown requested.
2024-04-15 13:38:13,797 - DEBUG - asyncio - Using selector: EpollSelector
2024-04-15 13:38:13,898 - DEBUG - __main__ - Sent message: {"uuid": "d1b55801-25cd-4f88-bebf-6cc7450968a3", "content": "Hello Kafka! Producer online Here", "timestamp": "2024-04-15T13:38:13.798263"}
2024-04-15 13:38:14,901 - DEBUG - __main__ - Sent message: {"uuid": "ff242fea-6111-409a-9cce-d4f962441004", "content": "Hello Kafka! Producer online Here", "timestamp": "2024-04-15T13:38:14.900919"}
2024-04-15 13:38:16,003 - DEBUG - __main__ - Sent message: {"uuid": "f94773bb-5a39-42b9-aa80-8428ff626413", "content": "Hello Kafka! Producer online Here", "timestamp": "2024-04-15T13:38:15.902990"}
2024-04-15 13:38:17,006 - DEBUG - __main__ - Sent message: {"uuid": "2c32d90d-2108-4596-977b-41ed1c6caa09", "content": "Hello Kafka! Producer online Here", "timestamp": "2024-04-15T13:38:17.005571"}
2024-04-15 13:38:18,108 - DEBUG - __main__ - Sent message: {"uuid": "9795cdf8-50e6-48c0-97d9-4550bb845393", "content": "Hello Kafka! Producer online Here", "timestamp": "2024-04-15T13:38:18.007902"}
2024-04-15 13:38:19,210 - DEBUG - __main__ - Sent message: {"uuid": "b1f353da-da38-43b1-88c9-87dbe2d1d411", "content": "Hello Kafka! Producer online Here", "timestamp": "2024-04-15T13:38:19.110360"}
2024-04-15 13:38:20,313 - DEBUG - __main__ - Sent message: {"uuid": "dbe4a02c-6e15-4989-8afa-364d15b978ca", "content": "Hello Kafka! Producer online Here", "timestamp": "2024-04-15T13:38:20.212585"}
2024-04-15 13:38:21,415 - DEBUG - __main__ - Sent message: {"uuid": "7809974a-b1a6-45c4-8983-231cf24cb8ef", "content": "Hello Kafka! Producer online Here", "timestamp": "2024-04-15T13:38:21.314734"}
2024-04-15 13:38:22,517 - DEBUG - __main__ - Sent message: {"uuid": "4be4df3b-18fb-4610-a53b-f5ffa25ee053", "content": "Hello Kafka! Producer online Here", "timestamp": "2024-04-15T13:38:22.417267"}
2024-04-15 13:38:23,619 - DEBUG - __main__ - Sent message: {"uuid": "d697e3b7-63fa-412f-9c48-6aa4b32102d4", "content": "Hello Kafka! Producer online Here", "timestamp": "2024-04-15T13:38:23.519310"}
2024-04-15 13:38:24,721 - DEBUG - __main__ - Sent message: {"uuid": "50edcc78-a6f4-4a18-b82e-8052b00a08fc", "content": "Hello Kafka! Producer online Here", "timestamp": "2024-04-15T13:38:24.621351"}
2024-04-15 13:38:25,824 - DEBUG - __main__ - Sent message: {"uuid": "150197eb-655b-4dad-93f6-67dcd7f7d37f", "content": "Hello Kafka! Producer online Here", "timestamp": "2024-04-15T13:38:25.723847"}
2024-04-15 13:38:26,926 - DEBUG - __main__ - Sent message: {"uuid": "c8f01b71-ea1a-47e7-892e-0eb923e2bba2", "content": "Hello Kafka! Producer online Here", "timestamp": "2024-04-15T13:38:26.826499"}
2024-04-15 13:38:28,029 - DEBUG - __main__ - Sent message: {"uuid": "983355c0-6f58-4dee-864a-dd6fe9382744", "content": "Hello Kafka! Producer online Here", "timestamp": "2024-04-15T13:38:27.928892"}
2024-04-15 13:38:29,131 - DEBUG - __main__ - Sent message: {"uuid": "f679b5f9-6cf1-47c7-8bab-41fd055f7b10", "content": "Hello Kafka! Producer online Here", "timestamp": "2024-04-15T13:38:29.031419"}
2024-04-15 13:38:29,919 - INFO - __main__ - Producer shutdown requested.
2024-04-15 13:40:15,088 - DEBUG - asyncio - Using selector: EpollSelector
2024-04-15 13:40:15,189 - DEBUG - __main__ - Sent message: {"uuid": "3cf54373-ab79-45a4-b133-c14db60733ad", "content": "Hello Kafka! Producer online Here", "timestamp": "2024-04-15T13:40:15.089064"}
2024-04-15 13:40:16,191 - DEBUG - __main__ - Sent message: {"uuid": "a60fd506-fb02-4777-9596-5e0b4a3e89c9", "content": "Hello Kafka! Producer online Here", "timestamp": "2024-04-15T13:40:16.191337"}
2024-04-15 13:40:17,294 - DEBUG - __main__ - Sent message: {"uuid": "dc2a3f72-921b-4d06-9818-39d38b4a7dcf", "content": "Hello Kafka! Producer online Here", "timestamp": "2024-04-15T13:40:17.193522"}
2024-04-15 13:40:18,296 - DEBUG - __main__ - Sent message: {"uuid": "702edf32-0a9d-471d-92e1-f10d92b292a9", "content": "Hello Kafka! Producer online Here", "timestamp": "2024-04-15T13:40:18.295958"}
2024-04-15 13:40:19,398 - DEBUG - __main__ - Sent message: {"uuid": "b4143be5-0b8a-41b1-8c46-ba4853c757e8", "content": "Hello Kafka! Producer online Here", "timestamp": "2024-04-15T13:40:19.297720"}
2024-04-15 13:40:20,500 - DEBUG - __main__ - Sent message: {"uuid": "0217b27b-51d0-44d1-beba-3c098a143d11", "content": "Hello Kafka! Producer online Here", "timestamp": "2024-04-15T13:40:20.400213"}
2024-04-15 13:40:21,603 - DEBUG - __main__ - Sent message: {"uuid": "3cab1d7d-a11e-471a-8c4f-ed45802f8424", "content": "Hello Kafka! Producer online Here", "timestamp": "2024-04-15T13:40:21.502440"}
2024-04-15 13:40:22,705 - DEBUG - __main__ - Sent message: {"uuid": "05a86b97-cc5f-43c7-b0bb-a24017488bee", "content": "Hello Kafka! Producer online Here", "timestamp": "2024-04-15T13:40:22.604963"}
2024-04-15 13:40:23,807 - DEBUG - __main__ - Sent message: {"uuid": "d0ad3e9f-6157-4cac-90dc-9709beabb49a", "content": "Hello Kafka! Producer online Here", "timestamp": "2024-04-15T13:40:23.707254"}
2024-04-15 13:40:24,910 - DEBUG - __main__ - Sent message: {"uuid": "25aec011-80ca-48c1-8342-84c219d31093", "content": "Hello Kafka! Producer online Here", "timestamp": "2024-04-15T13:40:24.809376"}
2024-04-15 13:40:25,900 - INFO - __main__ - Producer shutdown requested.
2024-04-15 13:40:55,901 - INFO - __main__ - Flushing remaining messages...
2024-04-15 13:41:35,465 - DEBUG - asyncio - Using selector: EpollSelector
2024-04-15 13:41:35,565 - DEBUG - __main__ - Sent message: {"uuid": "70b2996f-d314-4465-a210-61fd07eb2e63", "content": "Hello Kafka! Producer online Here", "timestamp": "2024-04-15T13:41:35.465541"}
2024-04-15 13:41:36,568 - DEBUG - __main__ - Sent message: {"uuid": "29a77889-7756-499e-94a5-e9d763184f6e", "content": "Hello Kafka! Producer online Here", "timestamp": "2024-04-15T13:41:36.567868"}
2024-04-15 13:41:37,670 - DEBUG - __main__ - Sent message: {"uuid": "918fb089-c704-4dc8-a508-5aa574260503", "content": "Hello Kafka! Producer online Here", "timestamp": "2024-04-15T13:41:37.569983"}
2024-04-15 13:41:38,672 - DEBUG - __main__ - Sent message: {"uuid": "78130b7f-b086-4b52-8cdc-49a0d39dd74e", "content": "Hello Kafka! Producer online Here", "timestamp": "2024-04-15T13:41:38.672606"}
2024-04-15 13:41:39,775 - DEBUG - __main__ - Sent message: {"uuid": "7487a53e-7e80-4f58-9f0e-2f4026f5202b", "content": "Hello Kafka! Producer online Here", "timestamp": "2024-04-15T13:41:39.674601"}
2024-04-15 13:41:40,877 - DEBUG - __main__ - Sent message: {"uuid": "11959531-feeb-48fd-a8a9-b122a24164a7", "content": "Hello Kafka! Producer online Here", "timestamp": "2024-04-15T13:41:40.776907"}
2024-04-15 13:41:41,979 - DEBUG - __main__ - Sent message: {"uuid": "db0cb12c-52a3-4068-af27-de4174a4678d", "content": "Hello Kafka! Producer online Here", "timestamp": "2024-04-15T13:41:41.879005"}
2024-04-15 13:41:43,082 - DEBUG - __main__ - Sent message: {"uuid": "1ba7c984-ed57-4e2d-9657-76d303643c60", "content": "Hello Kafka! Producer online Here", "timestamp": "2024-04-15T13:41:42.981479"}
2024-04-15 13:41:44,184 - DEBUG - __main__ - Sent message: {"uuid": "ab0ffdb2-b4f3-413e-9f7a-65a49e229334", "content": "Hello Kafka! Producer online Here", "timestamp": "2024-04-15T13:41:44.084150"}
2024-04-15 13:41:45,287 - DEBUG - __main__ - Sent message: {"uuid": "db2107c5-9528-4324-be86-20ce256bf487", "content": "Hello Kafka! Producer online Here", "timestamp": "2024-04-15T13:41:45.186793"}
2024-04-15 13:41:46,389 - DEBUG - __main__ - Sent message: {"uuid": "d691ab5a-fc21-4b34-8ace-fb9368ea9d2e", "content": "Hello Kafka! Producer online Here", "timestamp": "2024-04-15T13:41:46.289256"}
2024-04-15 13:41:47,492 - DEBUG - __main__ - Sent message: {"uuid": "13138bdd-c67a-4bc5-be85-284b85f241bc", "content": "Hello Kafka! Producer online Here", "timestamp": "2024-04-15T13:41:47.391825"}
2024-04-15 13:41:48,594 - DEBUG - __main__ - Sent message: {"uuid": "996986a7-5fcc-44e1-ba18-eba9eeb4e92a", "content": "Hello Kafka! Producer online Here", "timestamp": "2024-04-15T13:41:48.494172"}
2024-04-15 13:41:49,697 - DEBUG - __main__ - Sent message: {"uuid": "91b23111-d1a7-414b-ae8e-1ddf82b6405b", "content": "Hello Kafka! Producer online Here", "timestamp": "2024-04-15T13:41:49.596517"}
2024-04-15 13:41:50,799 - DEBUG - __main__ - Sent message: {"uuid": "db86a42c-8966-4329-a57c-67994ba4674d", "content": "Hello Kafka! Producer online Here", "timestamp": "2024-04-15T13:41:50.698874"}
2024-04-15 13:41:51,613 - INFO - __main__ - Producer shutdown requested.
2024-04-15 13:42:21,615 - INFO - __main__ - Flushing remaining messages...
2024-04-15 13:43:04,020 - DEBUG - asyncio - Using selector: EpollSelector
2024-04-15 13:43:04,121 - DEBUG - __main__ - Sent message: {"uuid": "1d1b00f7-d148-4848-8358-a6dc8a6ba658", "content": "Hello Kafka! Producer online Here", "timestamp": "2024-04-15T13:43:04.020711"}
2024-04-15 13:43:05,123 - DEBUG - __main__ - Sent message: {"uuid": "66f4db2c-e11b-4494-ab22-ed316dad27ab", "content": "Hello Kafka! Producer online Here", "timestamp": "2024-04-15T13:43:05.122910"}
2024-04-15 13:43:06,226 - DEBUG - __main__ - Sent message: {"uuid": "3c7e06a9-944d-476a-ae1b-8e85310aed26", "content": "Hello Kafka! Producer online Here", "timestamp": "2024-04-15T13:43:06.125485"}
2024-04-15 13:43:07,228 - DEBUG - __main__ - Sent message: {"uuid": "86a7c734-3b12-4d2c-a02d-46a489bbfc7e", "content": "Hello Kafka! Producer online Here", "timestamp": "2024-04-15T13:43:07.228147"}
2024-04-15 13:43:08,330 - DEBUG - __main__ - Sent message: {"uuid": "3a400c86-c8ca-4ab6-96bb-cd6928c53897", "content": "Hello Kafka! Producer online Here", "timestamp": "2024-04-15T13:43:08.229743"}
2024-04-15 13:43:09,432 - DEBUG - __main__ - Sent message: {"uuid": "151f1945-72c0-4168-b46f-101c4a8292e6", "content": "Hello Kafka! Producer online Here", "timestamp": "2024-04-15T13:43:09.332194"}
2024-04-15 13:43:10,535 - DEBUG - __main__ - Sent message: {"uuid": "38563061-c475-4bd7-b3b3-0df39f76ddcf", "content": "Hello Kafka! Producer online Here", "timestamp": "2024-04-15T13:43:10.434701"}
2024-04-15 13:43:11,637 - DEBUG - __main__ - Sent message: {"uuid": "63b1d6d3-b35f-4af8-bd76-1fd156794e2d", "content": "Hello Kafka! Producer online Here", "timestamp": "2024-04-15T13:43:11.536727"}
2024-04-15 13:43:12,739 - DEBUG - __main__ - Sent message: {"uuid": "c0347936-7d10-483a-ba49-3eff523ae3b5", "content": "Hello Kafka! Producer online Here", "timestamp": "2024-04-15T13:43:12.639075"}
2024-04-15 13:43:13,842 - DEBUG - __main__ - Sent message: {"uuid": "fe238d8d-0553-4a1e-8dae-878f973012b8", "content": "Hello Kafka! Producer online Here", "timestamp": "2024-04-15T13:43:13.742089"}
2024-04-15 13:43:14,944 - DEBUG - __main__ - Sent message: {"uuid": "0353e3b2-8ac9-4d63-aef7-246fe34de343", "content": "Hello Kafka! Producer online Here", "timestamp": "2024-04-15T13:43:14.844275"}
2024-04-15 13:43:16,047 - DEBUG - __main__ - Sent message: {"uuid": "3ca6ccae-26b1-4143-849b-bb0b9eda7c0f", "content": "Hello Kafka! Producer online Here", "timestamp": "2024-04-15T13:43:15.946604"}
2024-04-15 13:43:17,149 - DEBUG - __main__ - Sent message: {"uuid": "ef549d4f-be31-4cf7-bfb7-b19949e508f4", "content": "Hello Kafka! Producer online Here", "timestamp": "2024-04-15T13:43:17.049006"}
2024-04-15 13:43:18,251 - DEBUG - __main__ - Sent message: {"uuid": "c06537fb-fa03-4bff-b0c1-00546c74cd16", "content": "Hello Kafka! Producer online Here", "timestamp": "2024-04-15T13:43:18.151446"}
2024-04-15 13:43:18,964 - INFO - __main__ - Producer shutdown requested.
2024-04-15 13:43:48,966 - INFO - __main__ - Flushing remaining messages...
2024-04-15 13:44:25,390 - DEBUG - asyncio - Using selector: EpollSelector
2024-04-15 13:44:25,491 - DEBUG - __main__ - Sent message: {"uuid": "b4787e3d-5970-41ba-a3f9-68203c7ff75d", "content": "Hello Kafka! Producer online Here", "timestamp": "2024-04-15T13:44:25.391101"}
2024-04-15 13:44:26,493 - DEBUG - __main__ - Sent message: {"uuid": "9a33a2b8-77d2-4e3c-8e7d-929f9771a9f5", "content": "Hello Kafka! Producer online Here", "timestamp": "2024-04-15T13:44:26.493255"}
2024-04-15 13:44:27,595 - DEBUG - __main__ - Sent message: {"uuid": "f7317929-a027-4af6-b4b1-922907a95a8a", "content": "Hello Kafka! Producer online Here", "timestamp": "2024-04-15T13:44:27.495203"}
2024-04-15 13:44:28,597 - DEBUG - __main__ - Sent message: {"uuid": "c91a3ce7-fe93-4373-b9c3-5c5f45ae4932", "content": "Hello Kafka! Producer online Here", "timestamp": "2024-04-15T13:44:28.597503"}
2024-04-15 13:44:29,699 - DEBUG - __main__ - Sent message: {"uuid": "331cb3ca-9c9c-4e07-8f8e-871bd22b37a2", "content": "Hello Kafka! Producer online Here", "timestamp": "2024-04-15T13:44:29.599382"}
2024-04-15 13:44:30,802 - DEBUG - __main__ - Sent message: {"uuid": "30edf52d-61ba-47d2-a445-1b2c7d96b8dd", "content": "Hello Kafka! Producer online Here", "timestamp": "2024-04-15T13:44:30.701959"}
2024-04-15 13:44:31,905 - DEBUG - __main__ - Sent message: {"uuid": "05a2c881-ad51-4ba0-bbfd-1ce2ba8e5a5a", "content": "Hello Kafka! Producer online Here", "timestamp": "2024-04-15T13:44:31.804626"}
2024-04-15 13:44:33,007 - DEBUG - __main__ - Sent message: {"uuid": "34efb08e-923f-4bd9-8270-7a5e0f76d2eb", "content": "Hello Kafka! Producer online Here", "timestamp": "2024-04-15T13:44:32.906954"}
2024-04-15 13:44:34,109 - DEBUG - __main__ - Sent message: {"uuid": "785014b9-fb96-4239-ac3b-6f7a92d82acf", "content": "Hello Kafka! Producer online Here", "timestamp": "2024-04-15T13:44:34.008985"}
2024-04-15 13:44:35,211 - DEBUG - __main__ - Sent message: {"uuid": "2ac9bf96-1150-4590-af64-0100d9836a7b", "content": "Hello Kafka! Producer online Here", "timestamp": "2024-04-15T13:44:35.111103"}
2024-04-15 13:44:36,313 - DEBUG - __main__ - Sent message: {"uuid": "fef13c64-aa2e-4a7c-82eb-88e4a420176c", "content": "Hello Kafka! Producer online Here", "timestamp": "2024-04-15T13:44:36.213554"}
2024-04-15 13:44:37,416 - DEBUG - __main__ - Sent message: {"uuid": "0179a6d0-2d08-4f1d-8da9-b3ec92c23a53", "content": "Hello Kafka! Producer online Here", "timestamp": "2024-04-15T13:44:37.315920"}
2024-04-15 13:44:38,518 - DEBUG - __main__ - Sent message: {"uuid": "739ba10d-0fd3-42f2-a3fd-2e015beb4c83", "content": "Hello Kafka! Producer online Here", "timestamp": "2024-04-15T13:44:38.418263"}
2024-04-15 13:44:39,620 - DEBUG - __main__ - Sent message: {"uuid": "fba002b3-eb04-4607-944e-0dd539cec3da", "content": "Hello Kafka! Producer online Here", "timestamp": "2024-04-15T13:44:39.520327"}
2024-04-15 13:44:40,722 - DEBUG - __main__ - Sent message: {"uuid": "70c80825-cdf0-4b72-ab39-4f9349c5868f", "content": "Hello Kafka! Producer online Here", "timestamp": "2024-04-15T13:44:40.622464"}
2024-04-15 13:44:41,825 - DEBUG - __main__ - Sent message: {"uuid": "9995b7eb-f180-4ea4-b8c5-55aecfc91eeb", "content": "Hello Kafka! Producer online Here", "timestamp": "2024-04-15T13:44:41.724990"}
2024-04-15 13:44:42,927 - DEBUG - __main__ - Sent message: {"uuid": "62093fc5-b9b8-4625-9f04-018c145c8802", "content": "Hello Kafka! Producer online Here", "timestamp": "2024-04-15T13:44:42.826891"}
2024-04-15 13:44:44,028 - DEBUG - __main__ - Sent message: {"uuid": "cbf98929-bb8b-42b4-a320-5c89443b2016", "content": "Hello Kafka! Producer online Here", "timestamp": "2024-04-15T13:44:43.928431"}
2024-04-15 13:44:45,130 - DEBUG - __main__ - Sent message: {"uuid": "c1b38d05-eead-4489-bfbd-bc0bec571dc3", "content": "Hello Kafka! Producer online Here", "timestamp": "2024-04-15T13:44:45.030482"}
2024-05-05 13:28:44,109 - DEBUG - asyncio - Using selector: EpollSelector
2024-05-05 13:28:44,210 - DEBUG - __main__ - Sent message: {"uuid": "dc49b75e-e580-49d0-8605-506aa58a8852", "content": "Hello Kafka! Producer online Here", "timestamp": "2024-05-05T13:28:44.110054"}
2024-05-05 13:28:45,211 - INFO - __main__ - Message delivered to kafka_commands [2] @ 0
2024-05-05 13:28:45,211 - DEBUG - __main__ - Sent message: {"uuid": "4c294c74-e0a9-4275-8261-35a53f38c1c4", "content": "Hello Kafka! Producer online Here", "timestamp": "2024-05-05T13:28:45.211527"}
2024-05-05 13:28:46,213 - INFO - __main__ - Message delivered to kafka_commands [1] @ 0
2024-05-05 13:28:46,214 - DEBUG - __main__ - Sent message: {"uuid": "18370d62-5aaf-4cc5-a563-635bae130733", "content": "Hello Kafka! Producer online Here", "timestamp": "2024-05-05T13:28:46.213515"}
2024-05-05 13:28:47,215 - INFO - __main__ - Message delivered to kafka_commands [2] @ 1
2024-05-05 13:28:47,216 - DEBUG - __main__ - Sent message: {"uuid": "db58e218-3593-4cdd-9a8d-fa13c2c418f7", "content": "Hello Kafka! Producer online Here", "timestamp": "2024-05-05T13:28:47.215678"}
2024-05-05 13:28:48,217 - INFO - __main__ - Message delivered to kafka_commands [1] @ 1
2024-05-05 13:28:48,218 - DEBUG - __main__ - Sent message: {"uuid": "5b3d3847-f452-48d9-ba46-8afd3b20e0e2", "content": "Hello Kafka! Producer online Here", "timestamp": "2024-05-05T13:28:48.217414"}
2024-05-05 13:28:49,220 - INFO - __main__ - Message delivered to kafka_commands [1] @ 2
2024-05-05 13:28:49,220 - DEBUG - __main__ - Sent message: {"uuid": "f73a45e1-5eb5-4930-ad68-f12a1db6a083", "content": "Hello Kafka! Producer online Here", "timestamp": "2024-05-05T13:28:49.219927"}
2024-05-05 13:28:50,222 - INFO - __main__ - Message delivered to kafka_commands [0] @ 0
2024-05-05 13:28:50,223 - DEBUG - __main__ - Sent message: {"uuid": "291afd7f-ee6e-4afd-a6ad-cb9bc3f7fa5e", "content": "Hello Kafka! Producer online Here", "timestamp": "2024-05-05T13:28:50.222462"}
2024-05-05 13:28:51,225 - INFO - __main__ - Message delivered to kafka_commands [2] @ 2
2024-05-05 13:28:51,226 - DEBUG - __main__ - Sent message: {"uuid": "d12cbc62-5dcb-43ce-b64e-d8b6db5f0e11", "content": "Hello Kafka! Producer online Here", "timestamp": "2024-05-05T13:28:51.225433"}
2024-05-05 13:28:52,228 - INFO - __main__ - Message delivered to kafka_commands [0] @ 1
2024-05-05 13:28:52,228 - DEBUG - __main__ - Sent message: {"uuid": "da91f941-f111-4664-b1be-e81311d00f65", "content": "Hello Kafka! Producer online Here", "timestamp": "2024-05-05T13:28:52.228120"}
2024-05-05 13:28:53,230 - INFO - __main__ - Message delivered to kafka_commands [0] @ 2
2024-05-05 13:28:53,230 - DEBUG - __main__ - Sent message: {"uuid": "ed085e1a-8165-48ce-9d35-0d111b6020f8", "content": "Hello Kafka! Producer online Here", "timestamp": "2024-05-05T13:28:53.230209"}
2024-05-05 13:28:54,232 - INFO - __main__ - Message delivered to kafka_commands [1] @ 3
2024-05-05 13:28:54,232 - DEBUG - __main__ - Sent message: {"uuid": "5f31f6fb-9e07-4db4-a10b-a5e6fbac923b", "content": "Hello Kafka! Producer online Here", "timestamp": "2024-05-05T13:28:54.232208"}
2024-05-05 13:28:55,235 - INFO - __main__ - Message delivered to kafka_commands [2] @ 3
2024-05-05 13:28:55,235 - DEBUG - __main__ - Sent message: {"uuid": "fa4c03c8-a06e-4aa9-90f1-0a14b61bd757", "content": "Hello Kafka! Producer online Here", "timestamp": "2024-05-05T13:28:55.234768"}
2024-05-05 13:28:56,237 - INFO - __main__ - Message delivered to kafka_commands [0] @ 3
2024-05-05 13:28:56,237 - DEBUG - __main__ - Sent message: {"uuid": "8e22de85-e913-4f2d-b8da-bc85739e0301", "content": "Hello Kafka! Producer online Here", "timestamp": "2024-05-05T13:28:56.237162"}
2024-05-05 13:28:57,239 - INFO - __main__ - Message delivered to kafka_commands [1] @ 4
2024-05-05 13:28:57,240 - DEBUG - __main__ - Sent message: {"uuid": "01f2714a-1ff8-4b55-b3ca-0c8b19e5de38", "content": "Hello Kafka! Producer online Here", "timestamp": "2024-05-05T13:28:57.239554"}
2024-05-05 13:28:58,242 - INFO - __main__ - Message delivered to kafka_commands [0] @ 4
2024-05-05 13:28:58,242 - DEBUG - __main__ - Sent message: {"uuid": "64ff8fb5-01f0-475c-b04c-db7c3e98bdcb", "content": "Hello Kafka! Producer online Here", "timestamp": "2024-05-05T13:28:58.242125"}
2024-05-05 13:28:59,243 - INFO - __main__ - Message delivered to kafka_commands [2] @ 4
2024-05-05 13:28:59,244 - DEBUG - __main__ - Sent message: {"uuid": "3f523d83-a9dd-4ca5-891c-3b05f51b3db1", "content": "Hello Kafka! Producer online Here", "timestamp": "2024-05-05T13:28:59.243610"}
2024-05-05 13:29:00,246 - INFO - __main__ - Message delivered to kafka_commands [0] @ 5
2024-05-05 13:29:00,247 - DEBUG - __main__ - Sent message: {"uuid": "604f38d2-bc80-438b-b0d8-80009dd2d522", "content": "Hello Kafka! Producer online Here", "timestamp": "2024-05-05T13:29:00.246218"}
2024-05-05 13:29:01,249 - INFO - __main__ - Message delivered to kafka_commands [1] @ 5
2024-05-05 13:29:01,249 - DEBUG - __main__ - Sent message: {"uuid": "dcf6e3ed-cc78-44bf-9388-090beb731867", "content": "Hello Kafka! Producer online Here", "timestamp": "2024-05-05T13:29:01.248942"}
2024-05-05 13:29:02,251 - INFO - __main__ - Message delivered to kafka_commands [0] @ 6
2024-05-05 13:29:02,252 - DEBUG - __main__ - Sent message: {"uuid": "51922707-c2e0-45c5-8169-72c137cebed6", "content": "Hello Kafka! Producer online Here", "timestamp": "2024-05-05T13:29:02.251566"}
2024-05-05 13:29:03,254 - INFO - __main__ - Message delivered to kafka_commands [1] @ 6
2024-05-05 13:29:03,255 - DEBUG - __main__ - Sent message: {"uuid": "9585bfa0-87cd-4e5b-bcf1-2e8f67b9db0b", "content": "Hello Kafka! Producer online Here", "timestamp": "2024-05-05T13:29:03.254204"}
2024-05-05 13:29:04,257 - INFO - __main__ - Message delivered to kafka_commands [1] @ 7
2024-05-05 13:29:04,257 - DEBUG - __main__ - Sent message: {"uuid": "c9767faf-5bfb-4c6f-b610-a08e9ce43402", "content": "Hello Kafka! Producer online Here", "timestamp": "2024-05-05T13:29:04.256833"}
2024-05-05 13:29:05,259 - INFO - __main__ - Message delivered to kafka_commands [1] @ 8
2024-05-05 13:29:05,260 - DEBUG - __main__ - Sent message: {"uuid": "dd1f3414-b718-4d8d-bc15-0f663aedcb3c", "content": "Hello Kafka! Producer online Here", "timestamp": "2024-05-05T13:29:05.259427"}
2024-05-05 13:29:06,261 - INFO - __main__ - Message delivered to kafka_commands [1] @ 9
2024-05-05 13:29:06,261 - DEBUG - __main__ - Sent message: {"uuid": "1f008fbd-087a-47f1-87c8-720c17c5fc01", "content": "Hello Kafka! Producer online Here", "timestamp": "2024-05-05T13:29:06.261397"}
2024-05-05 13:29:07,262 - INFO - __main__ - Message delivered to kafka_commands [1] @ 10
2024-05-05 13:29:07,262 - DEBUG - __main__ - Sent message: {"uuid": "88bed426-0d8a-4c81-9f72-0aebfd741512", "content": "Hello Kafka! Producer online Here", "timestamp": "2024-05-05T13:29:07.262151"}
2024-05-05 13:29:08,265 - INFO - __main__ - Message delivered to kafka_commands [2] @ 5
2024-05-05 13:29:08,265 - DEBUG - __main__ - Sent message: {"uuid": "37776535-fd9d-4e0b-abfd-900e5515e538", "content": "Hello Kafka! Producer online Here", "timestamp": "2024-05-05T13:29:08.264766"}
2024-05-05 13:29:09,267 - INFO - __main__ - Message delivered to kafka_commands [1] @ 11
2024-05-05 13:29:09,268 - DEBUG - __main__ - Sent message: {"uuid": "4d980cc3-f7a1-4393-b982-a086c3a3e363", "content": "Hello Kafka! Producer online Here", "timestamp": "2024-05-05T13:29:09.267335"}
2024-05-05 13:29:10,270 - INFO - __main__ - Message delivered to kafka_commands [1] @ 12
2024-05-05 13:29:10,270 - DEBUG - __main__ - Sent message: {"uuid": "6dafe3da-61d4-42d6-91e2-b70c0b8440af", "content": "Hello Kafka! Producer online Here", "timestamp": "2024-05-05T13:29:10.269788"}
2024-05-05 13:29:11,272 - INFO - __main__ - Message delivered to kafka_commands [0] @ 7
2024-05-05 13:29:11,273 - DEBUG - __main__ - Sent message: {"uuid": "59f97003-3af8-4317-bf03-861e19446f5b", "content": "Hello Kafka! Producer online Here", "timestamp": "2024-05-05T13:29:11.272649"}
2024-05-05 13:29:12,274 - INFO - __main__ - Message delivered to kafka_commands [1] @ 13
2024-05-05 13:29:12,274 - DEBUG - __main__ - Sent message: {"uuid": "48c75df3-773a-4dd5-a259-34170fb626c8", "content": "Hello Kafka! Producer online Here", "timestamp": "2024-05-05T13:29:12.274189"}
2024-05-05 13:29:13,276 - INFO - __main__ - Message delivered to kafka_commands [2] @ 6
2024-05-05 13:29:13,277 - DEBUG - __main__ - Sent message: {"uuid": "97ab727d-00bd-4e03-ba54-5697f9877b35", "content": "Hello Kafka! Producer online Here", "timestamp": "2024-05-05T13:29:13.276599"}
2024-05-05 13:29:14,279 - INFO - __main__ - Message delivered to kafka_commands [0] @ 8
2024-05-05 13:29:14,279 - DEBUG - __main__ - Sent message: {"uuid": "37e0112d-e842-4bec-8bf0-4ceb1f441f06", "content": "Hello Kafka! Producer online Here", "timestamp": "2024-05-05T13:29:14.279180"}
2024-05-05 13:29:15,282 - INFO - __main__ - Message delivered to kafka_commands [0] @ 9
2024-05-05 13:29:15,282 - DEBUG - __main__ - Sent message: {"uuid": "dcac8954-ac3d-49ce-bbef-c01b09c74a3f", "content": "Hello Kafka! Producer online Here", "timestamp": "2024-05-05T13:29:15.281784"}
2024-05-05 13:29:16,283 - INFO - __main__ - Message delivered to kafka_commands [1] @ 14
2024-05-05 13:29:16,284 - DEBUG - __main__ - Sent message: {"uuid": "50c66678-9a70-4a69-83d9-263442d2ae52", "content": "Hello Kafka! Producer online Here", "timestamp": "2024-05-05T13:29:16.283839"}
2024-05-05 13:29:17,285 - INFO - __main__ - Message delivered to kafka_commands [2] @ 7
2024-05-05 13:29:17,285 - DEBUG - __main__ - Sent message: {"uuid": "20f50c48-bde5-44a8-ac5a-919cffd4a3d5", "content": "Hello Kafka! Producer online Here", "timestamp": "2024-05-05T13:29:17.284947"}
2024-05-05 13:29:18,287 - INFO - __main__ - Message delivered to kafka_commands [1] @ 15
2024-05-05 13:29:18,288 - DEBUG - __main__ - Sent message: {"uuid": "ababae6e-f791-4a22-90db-ee7f8819f346", "content": "Hello Kafka! Producer online Here", "timestamp": "2024-05-05T13:29:18.287643"}
2024-05-05 13:29:19,290 - INFO - __main__ - Message delivered to kafka_commands [0] @ 10
2024-05-05 13:29:19,291 - DEBUG - __main__ - Sent message: {"uuid": "875f4e41-6be2-441b-8993-3446be53d3bf", "content": "Hello Kafka! Producer online Here", "timestamp": "2024-05-05T13:29:19.290202"}
2024-05-05 13:29:20,293 - INFO - __main__ - Message delivered to kafka_commands [0] @ 11
2024-05-05 13:29:20,293 - DEBUG - __main__ - Sent message: {"uuid": "fdbe4dd7-eeed-4353-9905-d2b652299367", "content": "Hello Kafka! Producer online Here", "timestamp": "2024-05-05T13:29:20.292930"}
2024-05-05 13:29:21,296 - INFO - __main__ - Message delivered to kafka_commands [2] @ 8
2024-05-05 13:29:21,296 - DEBUG - __main__ - Sent message: {"uuid": "e252172a-35ce-4079-a357-9705f91918fe", "content": "Hello Kafka! Producer online Here", "timestamp": "2024-05-05T13:29:21.295757"}
2024-05-05 13:29:22,298 - INFO - __main__ - Message delivered to kafka_commands [1] @ 16
2024-05-05 13:29:22,299 - DEBUG - __main__ - Sent message: {"uuid": "db6f5828-92ae-4a86-840b-203844fc6988", "content": "Hello Kafka! Producer online Here", "timestamp": "2024-05-05T13:29:22.298322"}
2024-05-05 13:29:23,301 - INFO - __main__ - Message delivered to kafka_commands [0] @ 12
2024-05-05 13:29:23,301 - DEBUG - __main__ - Sent message: {"uuid": "c5877992-0511-43da-af13-fc1ff1fa396b", "content": "Hello Kafka! Producer online Here", "timestamp": "2024-05-05T13:29:23.300996"}
2024-05-05 13:29:24,303 - INFO - __main__ - Message delivered to kafka_commands [0] @ 13
2024-05-05 13:29:24,304 - DEBUG - __main__ - Sent message: {"uuid": "989fe73a-93da-4625-8031-23540ad2e0af", "content": "Hello Kafka! Producer online Here", "timestamp": "2024-05-05T13:29:24.303585"}
2024-05-05 13:29:25,306 - INFO - __main__ - Message delivered to kafka_commands [1] @ 17
2024-05-05 13:29:25,306 - DEBUG - __main__ - Sent message: {"uuid": "61136d6e-fee5-4b86-b7d3-9f3589fa44c7", "content": "Hello Kafka! Producer online Here", "timestamp": "2024-05-05T13:29:25.306119"}
2024-05-05 13:29:26,308 - INFO - __main__ - Message delivered to kafka_commands [2] @ 9
2024-05-05 13:29:26,308 - DEBUG - __main__ - Sent message: {"uuid": "7848c017-87d4-4f2e-9c96-70859a711e38", "content": "Hello Kafka! Producer online Here", "timestamp": "2024-05-05T13:29:26.307781"}
2024-05-05 13:29:27,310 - INFO - __main__ - Message delivered to kafka_commands [1] @ 18
2024-05-05 13:29:27,310 - DEBUG - __main__ - Sent message: {"uuid": "47037eaf-7ebb-40eb-8873-f6a390e5bb46", "content": "Hello Kafka! Producer online Here", "timestamp": "2024-05-05T13:29:27.309691"}
2024-05-05 13:29:28,311 - INFO - __main__ - Message delivered to kafka_commands [0] @ 14
2024-05-05 13:29:28,312 - DEBUG - __main__ - Sent message: {"uuid": "1b8a6965-1dec-431d-8548-c59bb952d15a", "content": "Hello Kafka! Producer online Here", "timestamp": "2024-05-05T13:29:28.311437"}
2024-05-05 13:29:29,313 - INFO - __main__ - Message delivered to kafka_commands [1] @ 19
2024-05-05 13:29:29,313 - DEBUG - __main__ - Sent message: {"uuid": "0786daff-a6df-4b5b-bbde-d95816b81e35", "content": "Hello Kafka! Producer online Here", "timestamp": "2024-05-05T13:29:29.312914"}
2024-05-05 13:29:30,316 - INFO - __main__ - Message delivered to kafka_commands [2] @ 10
2024-05-05 13:29:30,316 - DEBUG - __main__ - Sent message: {"uuid": "74bc1172-4488-4c35-8c7c-36dd013dd3eb", "content": "Hello Kafka! Producer online Here", "timestamp": "2024-05-05T13:29:30.315647"}
2024-05-05 13:29:31,318 - INFO - __main__ - Message delivered to kafka_commands [0] @ 15
2024-05-05 13:29:31,319 - DEBUG - __main__ - Sent message: {"uuid": "c5db3abf-efd9-48d4-9169-84c2096c8346", "content": "Hello Kafka! Producer online Here", "timestamp": "2024-05-05T13:29:31.318268"}
2024-05-05 13:29:32,321 - INFO - __main__ - Message delivered to kafka_commands [0] @ 16
2024-05-05 13:29:32,321 - DEBUG - __main__ - Sent message: {"uuid": "86245578-9e28-41ed-945c-04cb3cd3ff68", "content": "Hello Kafka! Producer online Here", "timestamp": "2024-05-05T13:29:32.320877"}
2024-05-05 13:29:33,323 - INFO - __main__ - Message delivered to kafka_commands [1] @ 20
2024-05-05 13:29:33,324 - DEBUG - __main__ - Sent message: {"uuid": "ce45dae5-7894-4c02-99a6-f3d00d985d94", "content": "Hello Kafka! Producer online Here", "timestamp": "2024-05-05T13:29:33.323618"}
2024-05-05 13:29:34,326 - INFO - __main__ - Message delivered to kafka_commands [0] @ 17
2024-05-05 13:29:34,326 - DEBUG - __main__ - Sent message: {"uuid": "c9630e02-3aa0-47cb-874b-6de7b01c8ee9", "content": "Hello Kafka! Producer online Here", "timestamp": "2024-05-05T13:29:34.326207"}
2024-05-05 13:29:35,328 - INFO - __main__ - Message delivered to kafka_commands [0] @ 18
2024-05-05 13:29:35,329 - DEBUG - __main__ - Sent message: {"uuid": "c178a22a-9700-4ffa-8443-efdf3f713760", "content": "Hello Kafka! Producer online Here", "timestamp": "2024-05-05T13:29:35.328684"}
2024-05-05 13:29:36,331 - INFO - __main__ - Message delivered to kafka_commands [2] @ 11
2024-05-05 13:29:36,331 - DEBUG - __main__ - Sent message: {"uuid": "23afce64-8145-4382-a185-1fbad7189051", "content": "Hello Kafka! Producer online Here", "timestamp": "2024-05-05T13:29:36.331205"}
2024-05-05 13:29:37,334 - INFO - __main__ - Message delivered to kafka_commands [2] @ 12
2024-05-05 13:29:37,334 - DEBUG - __main__ - Sent message: {"uuid": "57ee46e2-91ff-4032-97b9-78caf754c124", "content": "Hello Kafka! Producer online Here", "timestamp": "2024-05-05T13:29:37.333751"}
2024-05-05 13:29:38,336 - INFO - __main__ - Message delivered to kafka_commands [1] @ 21
2024-05-05 13:29:38,336 - DEBUG - __main__ - Sent message: {"uuid": "85a7a5b1-d90b-41f8-aa1e-cff1f4dbd612", "content": "Hello Kafka! Producer online Here", "timestamp": "2024-05-05T13:29:38.336279"}
2024-05-05 13:29:39,339 - INFO - __main__ - Message delivered to kafka_commands [1] @ 22
2024-05-05 13:29:39,339 - DEBUG - __main__ - Sent message: {"uuid": "1e4a34f2-64a7-4f47-bd8f-cec161b21826", "content": "Hello Kafka! Producer online Here", "timestamp": "2024-05-05T13:29:39.338856"}
2024-05-05 13:29:40,341 - INFO - __main__ - Message delivered to kafka_commands [2] @ 13
2024-05-05 13:29:40,342 - DEBUG - __main__ - Sent message: {"uuid": "702630a8-59cc-496f-bec2-1faecfe33c8f", "content": "Hello Kafka! Producer online Here", "timestamp": "2024-05-05T13:29:40.341503"}
2024-05-05 13:29:41,344 - INFO - __main__ - Message delivered to kafka_commands [0] @ 19
2024-05-05 13:29:41,344 - DEBUG - __main__ - Sent message: {"uuid": "54690f97-48cb-4cbd-acca-7f09e599188a", "content": "Hello Kafka! Producer online Here", "timestamp": "2024-05-05T13:29:41.344021"}
2024-05-05 13:29:42,347 - INFO - __main__ - Message delivered to kafka_commands [0] @ 20
2024-05-05 13:29:42,347 - DEBUG - __main__ - Sent message: {"uuid": "11b2adab-0774-43b9-81c7-950725769e88", "content": "Hello Kafka! Producer online Here", "timestamp": "2024-05-05T13:29:42.346671"}
2024-05-05 13:29:43,349 - INFO - __main__ - Message delivered to kafka_commands [0] @ 21
2024-05-05 13:29:43,350 - DEBUG - __main__ - Sent message: {"uuid": "fee37680-25e8-4f28-bfee-af563e1c5599", "content": "Hello Kafka! Producer online Here", "timestamp": "2024-05-05T13:29:43.349472"}
2024-05-05 13:29:44,352 - INFO - __main__ - Message delivered to kafka_commands [0] @ 22
2024-05-05 13:29:44,352 - DEBUG - __main__ - Sent message: {"uuid": "efeee655-3d63-4336-979b-ec87e1ddfae8", "content": "Hello Kafka! Producer online Here", "timestamp": "2024-05-05T13:29:44.352033"}
2024-05-05 13:29:45,354 - INFO - __main__ - Message delivered to kafka_commands [1] @ 23
2024-05-05 13:29:45,354 - DEBUG - __main__ - Sent message: {"uuid": "e2e5a2a2-ebe4-4084-a71f-b010ac5ada48", "content": "Hello Kafka! Producer online Here", "timestamp": "2024-05-05T13:29:45.354225"}
2024-05-05 13:29:46,356 - INFO - __main__ - Message delivered to kafka_commands [2] @ 14
2024-05-05 13:29:46,356 - DEBUG - __main__ - Sent message: {"uuid": "7e5c6d17-6e42-463e-a444-75fd9a52eda6", "content": "Hello Kafka! Producer online Here", "timestamp": "2024-05-05T13:29:46.356135"}
2024-05-05 13:29:47,359 - INFO - __main__ - Message delivered to kafka_commands [2] @ 15
2024-05-05 13:29:47,359 - DEBUG - __main__ - Sent message: {"uuid": "93bf4805-fbe8-407c-bccc-d57b97916567", "content": "Hello Kafka! Producer online Here", "timestamp": "2024-05-05T13:29:47.358681"}
2024-05-05 13:29:47,371 - INFO - __main__ - Message delivered to kafka_commands [1] @ 24
2024-05-05 13:29:47,371 - DEBUG - __main__ - Sent message: {"uuid": "b7e15f95-efc8-439d-877a-a7d284e8fcf2", "content": "Hello Kafka! Producer online Here", "timestamp": "2024-05-05T13:29:47.370850"}
2024-05-05 13:29:48,373 - INFO - __main__ - Message delivered to kafka_commands [0] @ 23
2024-05-05 13:29:48,374 - DEBUG - __main__ - Sent message: {"uuid": "d6e41e63-d0f3-4c14-9504-ae9fc8961334", "content": "Hello Kafka! Producer online Here", "timestamp": "2024-05-05T13:29:48.373534"}
2024-05-05 13:29:49,376 - INFO - __main__ - Message delivered to kafka_commands [0] @ 24
2024-05-05 13:29:49,376 - DEBUG - __main__ - Sent message: {"uuid": "5e0cf806-be56-4a7b-9b12-4cd0480cf7da", "content": "Hello Kafka! Producer online Here", "timestamp": "2024-05-05T13:29:49.376055"}
2024-05-05 13:29:50,379 - INFO - __main__ - Message delivered to kafka_commands [2] @ 16
2024-05-05 13:29:50,379 - DEBUG - __main__ - Sent message: {"uuid": "afd550d2-0e4f-4ab7-9649-137922351268", "content": "Hello Kafka! Producer online Here", "timestamp": "2024-05-05T13:29:50.378675"}
2024-05-05 13:29:51,381 - INFO - __main__ - Message delivered to kafka_commands [2] @ 17
2024-05-05 13:29:51,382 - DEBUG - __main__ - Sent message: {"uuid": "6636ed13-6b15-4c00-8883-99f84d19ff9a", "content": "Hello Kafka! Producer online Here", "timestamp": "2024-05-05T13:29:51.381521"}
2024-05-05 13:29:52,384 - INFO - __main__ - Message delivered to kafka_commands [2] @ 18
2024-05-05 13:29:52,384 - DEBUG - __main__ - Sent message: {"uuid": "05c70389-ed7a-42c3-a16c-a99f5ca9a1f5", "content": "Hello Kafka! Producer online Here", "timestamp": "2024-05-05T13:29:52.383986"}
2024-05-05 13:29:53,387 - INFO - __main__ - Message delivered to kafka_commands [0] @ 25
2024-05-05 13:29:53,387 - DEBUG - __main__ - Sent message: {"uuid": "5308f5e8-5feb-4d0d-b865-a9c37d809673", "content": "Hello Kafka! Producer online Here", "timestamp": "2024-05-05T13:29:53.386619"}
2024-05-05 13:29:54,389 - INFO - __main__ - Message delivered to kafka_commands [0] @ 26
2024-05-05 13:29:54,390 - DEBUG - __main__ - Sent message: {"uuid": "2a320ca0-5491-476a-96e5-990ee7c8460f", "content": "Hello Kafka! Producer online Here", "timestamp": "2024-05-05T13:29:54.389328"}
2024-05-05 13:29:55,392 - INFO - __main__ - Message delivered to kafka_commands [1] @ 25
2024-05-05 13:29:55,392 - DEBUG - __main__ - Sent message: {"uuid": "df87acb2-25b7-4fef-8c91-5e82993c3c56", "content": "Hello Kafka! Producer online Here", "timestamp": "2024-05-05T13:29:55.391896"}
2024-05-05 13:29:56,394 - INFO - __main__ - Message delivered to kafka_commands [0] @ 27
2024-05-05 13:29:56,395 - DEBUG - __main__ - Sent message: {"uuid": "c1cd2385-c77a-4bfd-b3ee-55f637319804", "content": "Hello Kafka! Producer online Here", "timestamp": "2024-05-05T13:29:56.394379"}
2024-05-05 13:29:57,397 - INFO - __main__ - Message delivered to kafka_commands [2] @ 19
2024-05-05 13:29:57,397 - DEBUG - __main__ - Sent message: {"uuid": "e9554a06-8a8f-409e-b003-b583c937ec2c", "content": "Hello Kafka! Producer online Here", "timestamp": "2024-05-05T13:29:57.397113"}
2024-05-05 13:29:58,399 - INFO - __main__ - Message delivered to kafka_commands [2] @ 20
2024-05-05 13:29:58,400 - DEBUG - __main__ - Sent message: {"uuid": "878e4594-34bc-4ca1-9d73-a96ebb4c05d2", "content": "Hello Kafka! Producer online Here", "timestamp": "2024-05-05T13:29:58.399677"}
2024-05-05 13:29:59,402 - INFO - __main__ - Message delivered to kafka_commands [1] @ 26
2024-05-05 13:29:59,403 - DEBUG - __main__ - Sent message: {"uuid": "289b2256-1ebf-4f50-839e-18907dc3f1ee", "content": "Hello Kafka! Producer online Here", "timestamp": "2024-05-05T13:29:59.402225"}
2024-05-05 13:30:00,405 - INFO - __main__ - Message delivered to kafka_commands [2] @ 21
2024-05-05 13:30:00,405 - DEBUG - __main__ - Sent message: {"uuid": "c1388ede-d7e8-4fd3-9296-daedccef224d", "content": "Hello Kafka! Producer online Here", "timestamp": "2024-05-05T13:30:00.404955"}
2024-05-05 13:30:01,407 - INFO - __main__ - Message delivered to kafka_commands [0] @ 28
2024-05-05 13:30:01,408 - DEBUG - __main__ - Sent message: {"uuid": "5bd4751c-57d8-4e38-b86d-1e3f7ca0f117", "content": "Hello Kafka! Producer online Here", "timestamp": "2024-05-05T13:30:01.407476"}
2024-05-05 13:30:02,410 - INFO - __main__ - Message delivered to kafka_commands [1] @ 27
2024-05-05 13:30:02,410 - DEBUG - __main__ - Sent message: {"uuid": "569bd320-44a3-4036-9f1d-b24d9fa3fafc", "content": "Hello Kafka! Producer online Here", "timestamp": "2024-05-05T13:30:02.409956"}
