2024-05-05 13:27:55,205 - ERROR - __main__ - Error occurred: Subscribed topic not available: kafka_commands: Broker: Unknown topic or partition
2024-05-05 13:28:48,410 - INFO - __main__ - Processing message: {'uuid': 'dc49b75e-e580-49d0-8605-506aa58a8852', 'content': 'Hello Kafka! Producer online Here', 'timestamp': '2024-05-05T13:28:44.110054'}
2024-05-05 13:28:48,411 - INFO - __main__ - Processing message: {'uuid': '18370d62-5aaf-4cc5-a563-635bae130733', 'content': 'Hello Kafka! Producer online Here', 'timestamp': '2024-05-05T13:28:46.213515'}
2024-05-05 13:28:48,413 - INFO - __main__ - Processing message: {'uuid': '4c294c74-e0a9-4275-8261-35a53f38c1c4', 'content': 'Hello Kafka! Producer online Here', 'timestamp': '2024-05-05T13:28:45.211527'}
2024-05-05 13:28:48,413 - INFO - __main__ - Processing message: {'uuid': 'db58e218-3593-4cdd-9a8d-fa13c2c418f7', 'content': 'Hello Kafka! Producer online Here', 'timestamp': '2024-05-05T13:28:47.215678'}
2024-05-05 13:28:48,413 - INFO - __main__ - Processing message: {'uuid': '5b3d3847-f452-48d9-ba46-8afd3b20e0e2', 'content': 'Hello Kafka! Producer online Here', 'timestamp': '2024-05-05T13:28:48.217414'}
2024-05-05 13:28:49,236 - INFO - __main__ - Processing message: {'uuid': 'f73a45e1-5eb5-4930-ad68-f12a1db6a083', 'content': 'Hello Kafka! Producer online Here', 'timestamp': '2024-05-05T13:28:49.219927'}
2024-05-05 13:28:50,233 - INFO - __main__ - Processing message: {'uuid': '291afd7f-ee6e-4afd-a6ad-cb9bc3f7fa5e', 'content': 'Hello Kafka! Producer online Here', 'timestamp': '2024-05-05T13:28:50.222462'}
2024-05-05 13:28:51,236 - INFO - __main__ - Processing message: {'uuid': 'd12cbc62-5dcb-43ce-b64e-d8b6db5f0e11', 'content': 'Hello Kafka! Producer online Here', 'timestamp': '2024-05-05T13:28:51.225433'}
2024-05-05 13:28:52,242 - INFO - __main__ - Processing message: {'uuid': 'da91f941-f111-4664-b1be-e81311d00f65', 'content': 'Hello Kafka! Producer online Here', 'timestamp': '2024-05-05T13:28:52.228120'}
2024-05-05 13:28:53,238 - INFO - __main__ - Processing message: {'uuid': 'ed085e1a-8165-48ce-9d35-0d111b6020f8', 'content': 'Hello Kafka! Producer online Here', 'timestamp': '2024-05-05T13:28:53.230209'}
2024-05-05 13:28:54,246 - INFO - __main__ - Processing message: {'uuid': '5f31f6fb-9e07-4db4-a10b-a5e6fbac923b', 'content': 'Hello Kafka! Producer online Here', 'timestamp': '2024-05-05T13:28:54.232208'}
2024-05-05 13:28:55,248 - INFO - __main__ - Processing message: {'uuid': 'fa4c03c8-a06e-4aa9-90f1-0a14b61bd757', 'content': 'Hello Kafka! Producer online Here', 'timestamp': '2024-05-05T13:28:55.234768'}
2024-05-05 13:28:56,250 - INFO - __main__ - Processing message: {'uuid': '8e22de85-e913-4f2d-b8da-bc85739e0301', 'content': 'Hello Kafka! Producer online Here', 'timestamp': '2024-05-05T13:28:56.237162'}
2024-05-05 13:28:57,250 - INFO - __main__ - Processing message: {'uuid': '01f2714a-1ff8-4b55-b3ca-0c8b19e5de38', 'content': 'Hello Kafka! Producer online Here', 'timestamp': '2024-05-05T13:28:57.239554'}
2024-05-05 13:29:42,281 - INFO - __main__ - Processing message: {'uuid': '5f31f6fb-9e07-4db4-a10b-a5e6fbac923b', 'content': 'Hello Kafka! Producer online Here', 'timestamp': '2024-05-05T13:28:54.232208'}
2024-05-05 13:29:42,281 - INFO - __main__ - Processing message: {'uuid': '64ff8fb5-01f0-475c-b04c-db7c3e98bdcb', 'content': 'Hello Kafka! Producer online Here', 'timestamp': '2024-05-05T13:28:58.242125'}
2024-05-05 13:29:42,281 - INFO - __main__ - Processing message: {'uuid': '88bed426-0d8a-4c81-9f72-0aebfd741512', 'content': 'Hello Kafka! Producer online Here', 'timestamp': '2024-05-05T13:29:07.262151'}
2024-05-05 13:29:42,281 - INFO - __main__ - Processing message: {'uuid': '48c75df3-773a-4dd5-a259-34170fb626c8', 'content': 'Hello Kafka! Producer online Here', 'timestamp': '2024-05-05T13:29:12.274189'}
2024-05-05 13:29:42,282 - INFO - __main__ - Processing message: {'uuid': '50c66678-9a70-4a69-83d9-263442d2ae52', 'content': 'Hello Kafka! Producer online Here', 'timestamp': '2024-05-05T13:29:16.283839'}
2024-05-05 13:29:42,282 - INFO - __main__ - Processing message: {'uuid': 'fdbe4dd7-eeed-4353-9905-d2b652299367', 'content': 'Hello Kafka! Producer online Here', 'timestamp': '2024-05-05T13:29:20.292930'}
2024-05-05 13:29:42,282 - INFO - __main__ - Processing message: {'uuid': '61136d6e-fee5-4b86-b7d3-9f3589fa44c7', 'content': 'Hello Kafka! Producer online Here', 'timestamp': '2024-05-05T13:29:25.306119'}
2024-05-05 13:29:42,282 - INFO - __main__ - Processing message: {'uuid': '0786daff-a6df-4b5b-bbde-d95816b81e35', 'content': 'Hello Kafka! Producer online Here', 'timestamp': '2024-05-05T13:29:29.312914'}
2024-05-05 13:29:42,282 - INFO - __main__ - Processing message: {'uuid': 'c178a22a-9700-4ffa-8443-efdf3f713760', 'content': 'Hello Kafka! Producer online Here', 'timestamp': '2024-05-05T13:29:35.328684'}
2024-05-05 13:29:42,282 - INFO - __main__ - Processing message: {'uuid': '23afce64-8145-4382-a185-1fbad7189051', 'content': 'Hello Kafka! Producer online Here', 'timestamp': '2024-05-05T13:29:36.331205'}
2024-05-05 13:29:42,282 - INFO - __main__ - Processing message: {'uuid': '1e4a34f2-64a7-4f47-bd8f-cec161b21826', 'content': 'Hello Kafka! Producer online Here', 'timestamp': '2024-05-05T13:29:39.338856'}
2024-05-05 13:29:42,285 - INFO - __main__ - Processing message: {'uuid': 'ed085e1a-8165-48ce-9d35-0d111b6020f8', 'content': 'Hello Kafka! Producer online Here', 'timestamp': '2024-05-05T13:28:53.230209'}
2024-05-05 13:29:42,285 - INFO - __main__ - Processing message: {'uuid': '8e22de85-e913-4f2d-b8da-bc85739e0301', 'content': 'Hello Kafka! Producer online Here', 'timestamp': '2024-05-05T13:28:56.237162'}
2024-05-05 13:29:42,285 - INFO - __main__ - Processing message: {'uuid': '604f38d2-bc80-438b-b0d8-80009dd2d522', 'content': 'Hello Kafka! Producer online Here', 'timestamp': '2024-05-05T13:29:00.246218'}
2024-05-05 13:29:42,285 - INFO - __main__ - Processing message: {'uuid': '51922707-c2e0-45c5-8169-72c137cebed6', 'content': 'Hello Kafka! Producer online Here', 'timestamp': '2024-05-05T13:29:02.251566'}
2024-05-05 13:29:42,286 - INFO - __main__ - Processing message: {'uuid': '9585bfa0-87cd-4e5b-bcf1-2e8f67b9db0b', 'content': 'Hello Kafka! Producer online Here', 'timestamp': '2024-05-05T13:29:03.254204'}
2024-05-05 13:29:42,286 - INFO - __main__ - Processing message: {'uuid': 'c9767faf-5bfb-4c6f-b610-a08e9ce43402', 'content': 'Hello Kafka! Producer online Here', 'timestamp': '2024-05-05T13:29:04.256833'}
2024-05-05 13:29:42,286 - INFO - __main__ - Processing message: {'uuid': 'dd1f3414-b718-4d8d-bc15-0f663aedcb3c', 'content': 'Hello Kafka! Producer online Here', 'timestamp': '2024-05-05T13:29:05.259427'}
2024-05-05 13:29:42,286 - INFO - __main__ - Processing message: {'uuid': '1f008fbd-087a-47f1-87c8-720c17c5fc01', 'content': 'Hello Kafka! Producer online Here', 'timestamp': '2024-05-05T13:29:06.261397'}
2024-05-05 13:29:42,286 - INFO - __main__ - Processing message: {'uuid': '37776535-fd9d-4e0b-abfd-900e5515e538', 'content': 'Hello Kafka! Producer online Here', 'timestamp': '2024-05-05T13:29:08.264766'}
2024-05-05 13:29:42,286 - INFO - __main__ - Processing message: {'uuid': '4d980cc3-f7a1-4393-b982-a086c3a3e363', 'content': 'Hello Kafka! Producer online Here', 'timestamp': '2024-05-05T13:29:09.267335'}
2024-05-05 13:29:42,286 - INFO - __main__ - Processing message: {'uuid': '59f97003-3af8-4317-bf03-861e19446f5b', 'content': 'Hello Kafka! Producer online Here', 'timestamp': '2024-05-05T13:29:11.272649'}
2024-05-05 13:29:42,286 - INFO - __main__ - Processing message: {'uuid': 'dcac8954-ac3d-49ce-bbef-c01b09c74a3f', 'content': 'Hello Kafka! Producer online Here', 'timestamp': '2024-05-05T13:29:15.281784'}
2024-05-05 13:29:42,286 - INFO - __main__ - Processing message: {'uuid': '20f50c48-bde5-44a8-ac5a-919cffd4a3d5', 'content': 'Hello Kafka! Producer online Here', 'timestamp': '2024-05-05T13:29:17.284947'}
2024-05-05 13:29:42,286 - INFO - __main__ - Processing message: {'uuid': 'e252172a-35ce-4079-a357-9705f91918fe', 'content': 'Hello Kafka! Producer online Here', 'timestamp': '2024-05-05T13:29:21.295757'}
2024-05-05 13:29:42,286 - INFO - __main__ - Processing message: {'uuid': '989fe73a-93da-4625-8031-23540ad2e0af', 'content': 'Hello Kafka! Producer online Here', 'timestamp': '2024-05-05T13:29:24.303585'}
2024-05-05 13:29:42,286 - INFO - __main__ - Processing message: {'uuid': '7848c017-87d4-4f2e-9c96-70859a711e38', 'content': 'Hello Kafka! Producer online Here', 'timestamp': '2024-05-05T13:29:26.307781'}
2024-05-05 13:29:42,286 - INFO - __main__ - Processing message: {'uuid': '1b8a6965-1dec-431d-8548-c59bb952d15a', 'content': 'Hello Kafka! Producer online Here', 'timestamp': '2024-05-05T13:29:28.311437'}
2024-05-05 13:29:42,286 - INFO - __main__ - Processing message: {'uuid': '86245578-9e28-41ed-945c-04cb3cd3ff68', 'content': 'Hello Kafka! Producer online Here', 'timestamp': '2024-05-05T13:29:32.320877'}
2024-05-05 13:29:42,286 - INFO - __main__ - Processing message: {'uuid': '57ee46e2-91ff-4032-97b9-78caf754c124', 'content': 'Hello Kafka! Producer online Here', 'timestamp': '2024-05-05T13:29:37.333751'}
2024-05-05 13:29:42,286 - INFO - __main__ - Processing message: {'uuid': '85a7a5b1-d90b-41f8-aa1e-cff1f4dbd612', 'content': 'Hello Kafka! Producer online Here', 'timestamp': '2024-05-05T13:29:38.336279'}
2024-05-05 13:29:42,286 - INFO - __main__ - Processing message: {'uuid': 'fa4c03c8-a06e-4aa9-90f1-0a14b61bd757', 'content': 'Hello Kafka! Producer online Here', 'timestamp': '2024-05-05T13:28:55.234768'}
2024-05-05 13:29:42,286 - INFO - __main__ - Processing message: {'uuid': '01f2714a-1ff8-4b55-b3ca-0c8b19e5de38', 'content': 'Hello Kafka! Producer online Here', 'timestamp': '2024-05-05T13:28:57.239554'}
2024-05-05 13:29:42,287 - INFO - __main__ - Processing message: {'uuid': '3f523d83-a9dd-4ca5-891c-3b05f51b3db1', 'content': 'Hello Kafka! Producer online Here', 'timestamp': '2024-05-05T13:28:59.243610'}
2024-05-05 13:29:42,287 - INFO - __main__ - Processing message: {'uuid': 'dcf6e3ed-cc78-44bf-9388-090beb731867', 'content': 'Hello Kafka! Producer online Here', 'timestamp': '2024-05-05T13:29:01.248942'}
2024-05-05 13:29:42,287 - INFO - __main__ - Processing message: {'uuid': '6dafe3da-61d4-42d6-91e2-b70c0b8440af', 'content': 'Hello Kafka! Producer online Here', 'timestamp': '2024-05-05T13:29:10.269788'}
2024-05-05 13:29:42,287 - INFO - __main__ - Processing message: {'uuid': '97ab727d-00bd-4e03-ba54-5697f9877b35', 'content': 'Hello Kafka! Producer online Here', 'timestamp': '2024-05-05T13:29:13.276599'}
2024-05-05 13:29:42,287 - INFO - __main__ - Processing message: {'uuid': '37e0112d-e842-4bec-8bf0-4ceb1f441f06', 'content': 'Hello Kafka! Producer online Here', 'timestamp': '2024-05-05T13:29:14.279180'}
2024-05-05 13:29:42,287 - INFO - __main__ - Processing message: {'uuid': 'ababae6e-f791-4a22-90db-ee7f8819f346', 'content': 'Hello Kafka! Producer online Here', 'timestamp': '2024-05-05T13:29:18.287643'}
2024-05-05 13:29:42,287 - INFO - __main__ - Processing message: {'uuid': '875f4e41-6be2-441b-8993-3446be53d3bf', 'content': 'Hello Kafka! Producer online Here', 'timestamp': '2024-05-05T13:29:19.290202'}
2024-05-05 13:29:42,287 - INFO - __main__ - Processing message: {'uuid': 'db6f5828-92ae-4a86-840b-203844fc6988', 'content': 'Hello Kafka! Producer online Here', 'timestamp': '2024-05-05T13:29:22.298322'}
2024-05-05 13:29:42,287 - INFO - __main__ - Processing message: {'uuid': 'c5877992-0511-43da-af13-fc1ff1fa396b', 'content': 'Hello Kafka! Producer online Here', 'timestamp': '2024-05-05T13:29:23.300996'}
2024-05-05 13:29:42,287 - INFO - __main__ - Processing message: {'uuid': '47037eaf-7ebb-40eb-8873-f6a390e5bb46', 'content': 'Hello Kafka! Producer online Here', 'timestamp': '2024-05-05T13:29:27.309691'}
2024-05-05 13:29:42,287 - INFO - __main__ - Processing message: {'uuid': '74bc1172-4488-4c35-8c7c-36dd013dd3eb', 'content': 'Hello Kafka! Producer online Here', 'timestamp': '2024-05-05T13:29:30.315647'}
2024-05-05 13:29:42,287 - INFO - __main__ - Processing message: {'uuid': 'c5db3abf-efd9-48d4-9169-84c2096c8346', 'content': 'Hello Kafka! Producer online Here', 'timestamp': '2024-05-05T13:29:31.318268'}
2024-05-05 13:29:42,287 - INFO - __main__ - Processing message: {'uuid': 'ce45dae5-7894-4c02-99a6-f3d00d985d94', 'content': 'Hello Kafka! Producer online Here', 'timestamp': '2024-05-05T13:29:33.323618'}
2024-05-05 13:29:42,287 - INFO - __main__ - Processing message: {'uuid': 'c9630e02-3aa0-47cb-874b-6de7b01c8ee9', 'content': 'Hello Kafka! Producer online Here', 'timestamp': '2024-05-05T13:29:34.326207'}
2024-05-05 13:29:42,287 - INFO - __main__ - Processing message: {'uuid': '702630a8-59cc-496f-bec2-1faecfe33c8f', 'content': 'Hello Kafka! Producer online Here', 'timestamp': '2024-05-05T13:29:40.341503'}
2024-05-05 13:29:42,287 - INFO - __main__ - Processing message: {'uuid': '54690f97-48cb-4cbd-acca-7f09e599188a', 'content': 'Hello Kafka! Producer online Here', 'timestamp': '2024-05-05T13:29:41.344021'}
2024-05-05 13:29:42,362 - INFO - __main__ - Processing message: {'uuid': '11b2adab-0774-43b9-81c7-950725769e88', 'content': 'Hello Kafka! Producer online Here', 'timestamp': '2024-05-05T13:29:42.346671'}
2024-05-05 13:29:43,364 - INFO - __main__ - Processing message: {'uuid': 'fee37680-25e8-4f28-bfee-af563e1c5599', 'content': 'Hello Kafka! Producer online Here', 'timestamp': '2024-05-05T13:29:43.349472'}
2024-05-05 13:29:44,368 - INFO - __main__ - Processing message: {'uuid': 'efeee655-3d63-4336-979b-ec87e1ddfae8', 'content': 'Hello Kafka! Producer online Here', 'timestamp': '2024-05-05T13:29:44.352033'}
2024-05-05 13:29:45,362 - INFO - __main__ - Processing message: {'uuid': 'e2e5a2a2-ebe4-4084-a71f-b010ac5ada48', 'content': 'Hello Kafka! Producer online Here', 'timestamp': '2024-05-05T13:29:45.354225'}
2024-05-05 13:29:46,368 - INFO - __main__ - Processing message: {'uuid': '7e5c6d17-6e42-463e-a444-75fd9a52eda6', 'content': 'Hello Kafka! Producer online Here', 'timestamp': '2024-05-05T13:29:46.356135'}
2024-05-05 13:29:47,370 - INFO - __main__ - Processing message: {'uuid': '93bf4805-fbe8-407c-bccc-d57b97916567', 'content': 'Hello Kafka! Producer online Here', 'timestamp': '2024-05-05T13:29:47.358681'}
2024-05-05 13:29:47,384 - INFO - __main__ - Processing message: {'uuid': 'b7e15f95-efc8-439d-877a-a7d284e8fcf2', 'content': 'Hello Kafka! Producer online Here', 'timestamp': '2024-05-05T13:29:47.370850'}
2024-05-05 13:29:48,386 - INFO - __main__ - Processing message: {'uuid': 'd6e41e63-d0f3-4c14-9504-ae9fc8961334', 'content': 'Hello Kafka! Producer online Here', 'timestamp': '2024-05-05T13:29:48.373534'}
2024-05-05 13:29:49,387 - INFO - __main__ - Processing message: {'uuid': '5e0cf806-be56-4a7b-9b12-4cd0480cf7da', 'content': 'Hello Kafka! Producer online Here', 'timestamp': '2024-05-05T13:29:49.376055'}
2024-05-05 13:29:50,390 - INFO - __main__ - Processing message: {'uuid': 'afd550d2-0e4f-4ab7-9649-137922351268', 'content': 'Hello Kafka! Producer online Here', 'timestamp': '2024-05-05T13:29:50.378675'}
2024-05-05 13:29:51,395 - INFO - __main__ - Processing message: {'uuid': '6636ed13-6b15-4c00-8883-99f84d19ff9a', 'content': 'Hello Kafka! Producer online Here', 'timestamp': '2024-05-05T13:29:51.381521'}
2024-05-05 13:29:52,396 - INFO - __main__ - Processing message: {'uuid': '05c70389-ed7a-42c3-a16c-a99f5ca9a1f5', 'content': 'Hello Kafka! Producer online Here', 'timestamp': '2024-05-05T13:29:52.383986'}
2024-05-05 13:29:53,399 - INFO - __main__ - Processing message: {'uuid': '5308f5e8-5feb-4d0d-b865-a9c37d809673', 'content': 'Hello Kafka! Producer online Here', 'timestamp': '2024-05-05T13:29:53.386619'}
2024-05-05 13:29:54,400 - INFO - __main__ - Processing message: {'uuid': '2a320ca0-5491-476a-96e5-990ee7c8460f', 'content': 'Hello Kafka! Producer online Here', 'timestamp': '2024-05-05T13:29:54.389328'}
2024-05-05 13:29:55,404 - INFO - __main__ - Processing message: {'uuid': 'df87acb2-25b7-4fef-8c91-5e82993c3c56', 'content': 'Hello Kafka! Producer online Here', 'timestamp': '2024-05-05T13:29:55.391896'}
2024-05-05 13:29:56,406 - INFO - __main__ - Processing message: {'uuid': 'c1cd2385-c77a-4bfd-b3ee-55f637319804', 'content': 'Hello Kafka! Producer online Here', 'timestamp': '2024-05-05T13:29:56.394379'}
2024-05-05 13:29:57,411 - INFO - __main__ - Processing message: {'uuid': 'e9554a06-8a8f-409e-b003-b583c937ec2c', 'content': 'Hello Kafka! Producer online Here', 'timestamp': '2024-05-05T13:29:57.397113'}
2024-05-05 13:29:58,411 - INFO - __main__ - Processing message: {'uuid': '878e4594-34bc-4ca1-9d73-a96ebb4c05d2', 'content': 'Hello Kafka! Producer online Here', 'timestamp': '2024-05-05T13:29:58.399677'}
2024-05-05 13:29:59,416 - INFO - __main__ - Processing message: {'uuid': '289b2256-1ebf-4f50-839e-18907dc3f1ee', 'content': 'Hello Kafka! Producer online Here', 'timestamp': '2024-05-05T13:29:59.402225'}
2024-05-05 13:30:00,417 - INFO - __main__ - Processing message: {'uuid': 'c1388ede-d7e8-4fd3-9296-daedccef224d', 'content': 'Hello Kafka! Producer online Here', 'timestamp': '2024-05-05T13:30:00.404955'}
2024-05-06 19:55:03,496 - INFO - __main__ - Processing message: {'uuid': '569bd320-44a3-4036-9f1d-b24d9fa3fafc', 'content': 'Hello Kafka! Producer online Here', 'timestamp': '2024-05-05T13:30:02.409956'}
2024-05-06 19:55:03,496 - INFO - __main__ - Processing message: {'uuid': '5bd4751c-57d8-4e38-b86d-1e3f7ca0f117', 'content': 'Hello Kafka! Producer online Here', 'timestamp': '2024-05-05T13:30:01.407476'}
2024-05-06 19:55:29,024 - INFO - __main__ - Processing message: {'uuid': '8e42e191-f4b2-4b7b-90e7-ce60f1c0f9d7', 'content': 'Hello Kafka! Producer online Here', 'timestamp': '2024-05-06T19:55:29.015624'}
2024-05-06 19:55:30,039 - INFO - __main__ - Processing message: {'uuid': 'eac0867a-fdc3-40c5-8b15-bd8129e614f5', 'content': 'Hello Kafka! Producer online Here', 'timestamp': '2024-05-06T19:55:30.028485'}
2024-05-06 19:55:31,051 - INFO - __main__ - Processing message: {'uuid': '8a239456-9072-46b3-b509-a9656eb60930', 'content': 'Hello Kafka! Producer online Here', 'timestamp': '2024-05-06T19:55:31.039789'}
2024-05-06 19:55:32,590 - INFO - __main__ - Processing message: {'uuid': '37f01353-dc51-4000-be57-25effde4fba4', 'content': 'Hello Kafka! Producer online Here', 'timestamp': '2024-05-06T19:55:32.579486'}
2024-05-06 19:55:33,602 - INFO - __main__ - Processing message: {'uuid': 'fba5fce1-b781-4a42-a2d7-da988dad6bef', 'content': 'Hello Kafka! Producer online Here', 'timestamp': '2024-05-06T19:55:33.591101'}
2024-05-06 19:55:34,615 - INFO - __main__ - Processing message: {'uuid': '4d54c9e2-25d2-434d-9b5b-be27284fd184', 'content': 'Hello Kafka! Producer online Here', 'timestamp': '2024-05-06T19:55:34.603117'}
2024-05-06 19:55:35,627 - INFO - __main__ - Processing message: {'uuid': 'de3911b5-f475-4bb1-8356-58b8b5576754', 'content': 'Hello Kafka! Producer online Here', 'timestamp': '2024-05-06T19:55:35.615453'}
2024-05-06 19:55:36,637 - INFO - __main__ - Processing message: {'uuid': '4331d0ae-e2dc-4e09-959b-1fd8390b89a1', 'content': 'Hello Kafka! Producer online Here', 'timestamp': '2024-05-06T19:55:36.627660'}
2024-05-06 19:55:37,649 - INFO - __main__ - Processing message: {'uuid': 'b0781fb1-1573-4c33-b673-f78335b25449', 'content': 'Hello Kafka! Producer online Here', 'timestamp': '2024-05-06T19:55:37.638768'}
2024-05-06 19:55:38,659 - INFO - __main__ - Processing message: {'uuid': '34858c25-2c9e-4347-a79b-4c5e20d3cad6', 'content': 'Hello Kafka! Producer online Here', 'timestamp': '2024-05-06T19:55:38.650236'}
2024-05-06 19:55:39,671 - INFO - __main__ - Processing message: {'uuid': 'a6ea8035-a7ce-4b1e-a492-6ac451ad6563', 'content': 'Hello Kafka! Producer online Here', 'timestamp': '2024-05-06T19:55:39.659959'}
2024-05-06 19:55:40,682 - INFO - __main__ - Processing message: {'uuid': '0b0760bc-1c30-45a1-a19c-bd053dfec092', 'content': 'Hello Kafka! Producer online Here', 'timestamp': '2024-05-06T19:55:40.672944'}
2024-05-06 19:55:41,693 - INFO - __main__ - Processing message: {'uuid': 'e8eea563-f026-4346-a4d8-c9d4f4e19c8f', 'content': 'Hello Kafka! Producer online Here', 'timestamp': '2024-05-06T19:55:41.683256'}
2024-05-06 19:55:42,704 - INFO - __main__ - Processing message: {'uuid': '020a1614-05af-4e94-9b00-71b9c6837029', 'content': 'Hello Kafka! Producer online Here', 'timestamp': '2024-05-06T19:55:42.694190'}
2024-05-06 19:55:43,715 - INFO - __main__ - Processing message: {'uuid': '54f72fe2-750e-4133-a5cf-406d8a2cd695', 'content': 'Hello Kafka! Producer online Here', 'timestamp': '2024-05-06T19:55:43.705336'}
2024-05-06 19:55:44,727 - INFO - __main__ - Processing message: {'uuid': '1f020558-69cf-49d1-87dc-268a2f39b48e', 'content': 'Hello Kafka! Producer online Here', 'timestamp': '2024-05-06T19:55:44.715650'}
2024-05-06 19:55:45,739 - INFO - __main__ - Processing message: {'uuid': '6fe4ae45-cb99-4db7-af1f-4a18fe718a81', 'content': 'Hello Kafka! Producer online Here', 'timestamp': '2024-05-06T19:55:45.728423'}
2024-05-07 09:23:25,599 - ERROR - __main__ - An unexpected exception occurred: No module named 'celeryconfig'
2024-05-07 09:23:25,617 - INFO - __main__ - Consumer closed
2024-05-07 09:25:41,338 - ERROR - __main__ - An unexpected exception occurred: No module named 'celeryconfig'
2024-05-07 09:25:41,345 - INFO - __main__ - Consumer closed
2024-05-07 09:26:20,048 - INFO - __main__ - Processing message: {'uuid': '8b674b0f-872c-435a-9b4a-ae5b90d01976', 'content': 'Hello Kafka! Producer online Here', 'timestamp': '2024-05-07T09:23:03.154961'}
2024-05-07 09:26:20,049 - INFO - __main__ - Processing message: {'uuid': '794e4ae4-c6eb-4940-a8bd-0dcc7793ba65', 'content': 'Hello Kafka! Producer online Here', 'timestamp': '2024-05-07T09:23:04.157459'}
2024-05-07 09:26:20,049 - INFO - __main__ - Processing message: {'uuid': 'e038b200-951e-400a-9f71-0176430018a6', 'content': 'Hello Kafka! Producer online Here', 'timestamp': '2024-05-07T09:23:05.160035'}
2024-05-07 09:26:20,049 - INFO - __main__ - Processing message: {'uuid': '51cd72a8-1dba-4101-aed5-541f687a4366', 'content': 'Hello Kafka! Producer online Here', 'timestamp': '2024-05-07T09:23:08.167469'}
2024-05-07 09:26:20,049 - INFO - __main__ - Processing message: {'uuid': 'a834f978-297c-4020-b75e-4d9e868b9645', 'content': 'Hello Kafka! Producer online Here', 'timestamp': '2024-05-07T09:23:12.177353'}
2024-05-07 09:26:20,049 - INFO - __main__ - Processing message: {'uuid': '662e550e-1aa0-437c-8672-11f97a57a318', 'content': 'Hello Kafka! Producer online Here', 'timestamp': '2024-05-07T09:23:13.180320'}
2024-05-07 09:26:20,050 - INFO - __main__ - Processing message: {'uuid': '3c9ca842-361c-4d0b-9538-96dbb2687c85', 'content': 'Hello Kafka! Producer online Here', 'timestamp': '2024-05-07T09:23:16.188811'}
2024-05-07 09:26:20,050 - INFO - __main__ - Processing message: {'uuid': 'dbbbf31d-57cc-4310-a57e-1af1f96e6a22', 'content': 'Hello Kafka! Producer online Here', 'timestamp': '2024-05-07T09:23:17.191305'}
2024-05-07 09:26:20,050 - INFO - __main__ - Processing message: {'uuid': 'aab9b454-0d97-4929-9ec1-515fc3e25781', 'content': 'Hello Kafka! Producer online Here', 'timestamp': '2024-05-07T09:23:18.194036'}
2024-05-07 09:26:20,050 - INFO - __main__ - Processing message: {'uuid': '50a61d3f-5f3d-489a-b469-de4a8ff12546', 'content': 'Hello Kafka! Producer online Here', 'timestamp': '2024-05-07T09:23:24.208728'}
2024-05-07 09:26:20,050 - INFO - __main__ - Processing message: {'uuid': 'a37a90c0-5d2b-4cf1-a187-ac14ea95116b', 'content': 'Hello Kafka! Producer online Here', 'timestamp': '2024-05-07T09:23:30.223642'}
2024-05-07 09:26:20,050 - INFO - __main__ - Processing message: {'uuid': 'cdf5c894-3bfd-4138-85ba-ba6eddf582cc', 'content': 'Hello Kafka! Producer online Here', 'timestamp': '2024-05-07T09:23:31.226214'}
2024-05-07 09:26:20,050 - INFO - __main__ - Processing message: {'uuid': 'f9c5dac2-fb28-46da-9cd2-ccf36aa0a7d6', 'content': 'Hello Kafka! Producer online Here', 'timestamp': '2024-05-07T09:23:34.233680'}
2024-05-07 09:26:20,050 - INFO - __main__ - Processing message: {'uuid': '075c32b7-b042-4424-8a70-350cb0382500', 'content': 'Hello Kafka! Producer online Here', 'timestamp': '2024-05-07T09:23:35.236128'}
2024-05-07 09:26:20,051 - INFO - __main__ - Processing message: {'uuid': 'a1b2cb70-0b0c-4ae1-938b-9dc278f7296e', 'content': 'Hello Kafka! Producer online Here', 'timestamp': '2024-05-07T09:23:36.238731'}
2024-05-07 09:26:20,051 - INFO - __main__ - Processing message: {'uuid': '8a024551-0731-4d6e-a619-77e38ebefa90', 'content': 'Hello Kafka! Producer online Here', 'timestamp': '2024-05-07T09:23:37.241334'}
2024-05-07 09:26:20,051 - INFO - __main__ - Processing message: {'uuid': '5fd3bb7e-5ea2-42df-8796-6958a713ad98', 'content': 'Hello Kafka! Producer online Here', 'timestamp': '2024-05-07T09:23:50.271709'}
2024-05-07 09:26:20,051 - INFO - __main__ - Processing message: {'uuid': 'ef30bb77-2bdb-4191-9b53-e8ef7e0b885c', 'content': 'Hello Kafka! Producer online Here', 'timestamp': '2024-05-07T09:23:55.284653'}
2024-05-07 09:26:20,051 - INFO - __main__ - Processing message: {'uuid': '198d80af-fee0-4c95-a545-1af756e413fd', 'content': 'Hello Kafka! Producer online Here', 'timestamp': '2024-05-07T09:23:56.287148'}
2024-05-07 09:26:20,051 - INFO - __main__ - Processing message: {'uuid': '3a92d326-a2ff-4384-86e7-51fa9fab5282', 'content': 'Hello Kafka! Producer online Here', 'timestamp': '2024-05-07T09:23:59.294985'}
2024-05-07 09:26:20,051 - INFO - __main__ - Processing message: {'uuid': '713c63ef-80d3-44a9-b2ed-d129bdbf616f', 'content': 'Hello Kafka! Producer online Here', 'timestamp': '2024-05-07T09:24:00.297644'}
2024-05-07 09:26:20,051 - INFO - __main__ - Processing message: {'uuid': '22f04632-2dd5-4c30-b15b-be3b3d332421', 'content': 'Hello Kafka! Producer online Here', 'timestamp': '2024-05-07T09:24:01.300168'}
2024-05-07 09:26:20,051 - INFO - __main__ - Processing message: {'uuid': '2e862057-c2a1-41a9-ade6-589fc36e2316', 'content': 'Hello Kafka! Producer online Here', 'timestamp': '2024-05-07T09:24:05.310573'}
2024-05-07 09:26:20,052 - INFO - __main__ - Processing message: {'uuid': 'b2b27319-e656-4334-80b1-cecbc0eb9d96', 'content': 'Hello Kafka! Producer online Here', 'timestamp': '2024-05-07T09:24:11.325823'}
2024-05-07 09:26:20,052 - INFO - __main__ - Processing message: {'uuid': '6f816df4-c2dd-42b1-9c31-3e3059f4dc8b', 'content': 'Hello Kafka! Producer online Here', 'timestamp': '2024-05-07T09:24:19.346235'}
2024-05-07 09:26:20,052 - INFO - __main__ - Processing message: {'uuid': 'ae0fb00d-e9eb-4c19-be9d-7d57210ade40', 'content': 'Hello Kafka! Producer online Here', 'timestamp': '2024-05-07T09:24:20.348925'}
2024-05-07 09:26:20,052 - INFO - __main__ - Processing message: {'uuid': '5aa6eeef-8f81-449b-9631-ea994a5d2b12', 'content': 'Hello Kafka! Producer online Here', 'timestamp': '2024-05-07T09:24:24.358918'}
2024-05-07 09:26:20,052 - INFO - __main__ - Processing message: {'uuid': '582d3b17-569d-4459-9782-73eb155453c8', 'content': 'Hello Kafka! Producer online Here', 'timestamp': '2024-05-07T09:24:30.374533'}
2024-05-07 09:26:20,052 - INFO - __main__ - Processing message: {'uuid': 'a41af644-51e8-4f21-98cf-510e7e78d2dc', 'content': 'Hello Kafka! Producer online Here', 'timestamp': '2024-05-07T09:24:32.379368'}
2024-05-07 09:26:20,052 - INFO - __main__ - Processing message: {'uuid': 'e727696a-ee69-41ca-86d3-af6b3a0dba40', 'content': 'Hello Kafka! Producer online Here', 'timestamp': '2024-05-07T09:24:39.397215'}
2024-05-07 09:26:20,052 - INFO - __main__ - Processing message: {'uuid': 'cf0aced2-e5cf-4c0f-aa58-409abd9e9715', 'content': 'Hello Kafka! Producer online Here', 'timestamp': '2024-05-07T09:24:41.402409'}
2024-05-07 09:26:20,052 - INFO - __main__ - Processing message: {'uuid': '9f4c85e3-8b76-4358-bfcb-35eb95383ec5', 'content': 'Hello Kafka! Producer online Here', 'timestamp': '2024-05-07T09:24:47.417466'}
2024-05-07 09:26:20,053 - INFO - __main__ - Processing message: {'uuid': '3c2e3e47-469d-4369-b5a0-fcce3190de90', 'content': 'Hello Kafka! Producer online Here', 'timestamp': '2024-05-07T09:24:50.425139'}
2024-05-07 09:26:20,053 - INFO - __main__ - Processing message: {'uuid': '495ff304-b64c-4640-b0f0-73a7be95d3f1', 'content': 'Hello Kafka! Producer online Here', 'timestamp': '2024-05-07T09:25:00.448465'}
2024-05-07 09:26:20,053 - INFO - __main__ - Processing message: {'uuid': 'c6cbe2e1-43d2-4726-9849-60a14f0417f1', 'content': 'Hello Kafka! Producer online Here', 'timestamp': '2024-05-07T09:25:02.453229'}
2024-05-07 09:26:20,053 - INFO - __main__ - Processing message: {'uuid': '7e4119ea-de50-4337-85f6-4348ade305c2', 'content': 'Hello Kafka! Producer online Here', 'timestamp': '2024-05-07T09:25:03.455149'}
2024-05-07 09:26:20,053 - INFO - __main__ - Processing message: {'uuid': 'b4052c9a-9fc1-44b7-8b57-1113f0933bfe', 'content': 'Hello Kafka! Producer online Here', 'timestamp': '2024-05-07T09:25:04.457736'}
2024-05-07 09:26:20,053 - INFO - __main__ - Processing message: {'uuid': '47f89c2f-51d2-4724-84c8-8a2fa1d53e19', 'content': 'Hello Kafka! Producer online Here', 'timestamp': '2024-05-07T09:25:05.460249'}
2024-05-07 09:26:20,053 - INFO - __main__ - Processing message: {'uuid': 'edb96d9c-f3a0-41d4-88e5-034b82b7f26f', 'content': 'Hello Kafka! Producer online Here', 'timestamp': '2024-05-07T09:25:06.462794'}
2024-05-07 09:26:20,053 - INFO - __main__ - Processing message: {'uuid': '0f020460-0b7a-4578-9f9c-cdaca6d25476', 'content': 'Hello Kafka! Producer online Here', 'timestamp': '2024-05-07T09:25:07.465366'}
2024-05-07 09:26:20,054 - INFO - __main__ - Processing message: {'uuid': 'ef4377e5-af68-4b25-a730-82a2575cbf50', 'content': 'Hello Kafka! Producer online Here', 'timestamp': '2024-05-07T09:25:10.473040'}
2024-05-07 09:26:20,054 - INFO - __main__ - Processing message: {'uuid': 'd11ccf9e-72ad-4565-b933-c90690371856', 'content': 'Hello Kafka! Producer online Here', 'timestamp': '2024-05-07T09:25:12.477051'}
2024-05-07 09:26:20,054 - INFO - __main__ - Processing message: {'uuid': '963750bd-3cd7-41e2-a1ea-a71fbf91e517', 'content': 'Hello Kafka! Producer online Here', 'timestamp': '2024-05-07T09:25:14.481731'}
2024-05-07 09:26:20,054 - INFO - __main__ - Processing message: {'uuid': '50faf0da-6ed9-4cef-b0a1-a84183780db9', 'content': 'Hello Kafka! Producer online Here', 'timestamp': '2024-05-07T09:25:15.484345'}
2024-05-07 09:26:20,054 - INFO - __main__ - Processing message: {'uuid': '3fee9e05-d0c5-48e5-ac61-e76db18c9002', 'content': 'Hello Kafka! Producer online Here', 'timestamp': '2024-05-07T09:25:16.486904'}
2024-05-07 09:26:20,054 - INFO - __main__ - Processing message: {'uuid': '1e7fb7c6-d909-40e4-a975-9ab0106093df', 'content': 'Hello Kafka! Producer online Here', 'timestamp': '2024-05-07T09:25:22.502442'}
2024-05-07 09:26:20,054 - INFO - __main__ - Processing message: {'uuid': '254914f0-f619-4e11-8e67-f8725c4d18dc', 'content': 'Hello Kafka! Producer online Here', 'timestamp': '2024-05-07T09:25:25.510152'}
2024-05-07 09:26:20,054 - INFO - __main__ - Processing message: {'uuid': '04f7c10b-3ce6-442d-8529-4eeb2d319bbb', 'content': 'Hello Kafka! Producer online Here', 'timestamp': '2024-05-07T09:25:26.512837'}
2024-05-07 09:26:20,054 - INFO - __main__ - Processing message: {'uuid': 'fe004a9c-103c-4c99-9ae8-b7ca916db74a', 'content': 'Hello Kafka! Producer online Here', 'timestamp': '2024-05-07T09:25:30.522913'}
2024-05-07 09:26:20,054 - INFO - __main__ - Processing message: {'uuid': '42dca82b-6e83-46ef-a819-387b1d95bb73', 'content': 'Hello Kafka! Producer online Here', 'timestamp': '2024-05-07T09:25:33.530332'}
2024-05-07 09:26:20,055 - INFO - __main__ - Processing message: {'uuid': 'dfb616cf-aafc-4de1-ac61-4c469445928a', 'content': 'Hello Kafka! Producer online Here', 'timestamp': '2024-05-07T09:25:34.532922'}
2024-05-07 09:26:20,055 - INFO - __main__ - Processing message: {'uuid': '63360eac-9d5d-41eb-a807-a5ccbc9c3ddc', 'content': 'Hello Kafka! Producer online Here', 'timestamp': '2024-05-07T09:25:35.535511'}
2024-05-07 09:26:20,055 - INFO - __main__ - Processing message: {'uuid': '929c5426-d32b-4f09-a91b-3d0e18908f90', 'content': 'Hello Kafka! Producer online Here', 'timestamp': '2024-05-07T09:25:37.540536'}
2024-05-07 09:26:20,055 - INFO - __main__ - Processing message: {'uuid': '2b62a0a3-bfe6-4ccd-bee2-f3683e05f450', 'content': 'Hello Kafka! Producer online Here', 'timestamp': '2024-05-07T09:25:38.542548'}
2024-05-07 09:26:20,055 - INFO - __main__ - Processing message: {'uuid': 'f2681c59-1824-4a6f-b667-1accfce45cde', 'content': 'Hello Kafka! Producer online Here', 'timestamp': '2024-05-07T09:25:40.546846'}
2024-05-07 09:26:20,055 - INFO - __main__ - Processing message: {'uuid': '79aed669-c486-433b-88ec-b1e2611c6ea9', 'content': 'Hello Kafka! Producer online Here', 'timestamp': '2024-05-07T09:25:42.551088'}
2024-05-07 09:26:20,055 - INFO - __main__ - Processing message: {'uuid': '17b8906a-ebd5-4be8-93aa-7811c8bb3d34', 'content': 'Hello Kafka! Producer online Here', 'timestamp': '2024-05-07T09:25:44.556273'}
2024-05-07 09:26:20,055 - INFO - __main__ - Processing message: {'uuid': '1aaa662c-0043-4d35-b487-73331f29e36d', 'content': 'Hello Kafka! Producer online Here', 'timestamp': '2024-05-07T09:25:47.564115'}
2024-05-07 09:26:20,055 - INFO - __main__ - Processing message: {'uuid': '41544bc4-3ae7-4f48-94f2-9893130944d5', 'content': 'Hello Kafka! Producer online Here', 'timestamp': '2024-05-07T09:25:52.577243'}
2024-05-07 09:26:20,056 - INFO - __main__ - Processing message: {'uuid': '8bcbfbcf-a7e9-4906-bd24-d44006ec11a6', 'content': 'Hello Kafka! Producer online Here', 'timestamp': '2024-05-07T09:25:53.579934'}
2024-05-07 09:26:20,056 - INFO - __main__ - Processing message: {'uuid': 'cb26a757-d875-42c2-9cd0-511c8897f87b', 'content': 'Hello Kafka! Producer online Here', 'timestamp': '2024-05-07T09:25:54.582528'}
2024-05-07 09:26:20,056 - INFO - __main__ - Processing message: {'uuid': 'f414331c-f066-4ffe-b0e0-9ae7e04bb018', 'content': 'Hello Kafka! Producer online Here', 'timestamp': '2024-05-07T09:25:55.585053'}
2024-05-07 09:26:20,056 - INFO - __main__ - Processing message: {'uuid': '1e70106d-1dd5-48af-a75a-85a94549184a', 'content': 'Hello Kafka! Producer online Here', 'timestamp': '2024-05-07T09:25:59.595582'}
2024-05-07 09:26:20,056 - INFO - __main__ - Processing message: {'uuid': 'e40b5272-628d-4db2-a699-39a15617c88b', 'content': 'Hello Kafka! Producer online Here', 'timestamp': '2024-05-07T09:26:00.598233'}
2024-05-07 09:26:20,056 - INFO - __main__ - Processing message: {'uuid': '525de631-5017-442a-8b92-12f0cfe63e21', 'content': 'Hello Kafka! Producer online Here', 'timestamp': '2024-05-07T09:26:02.603491'}
2024-05-07 09:26:20,056 - INFO - __main__ - Processing message: {'uuid': '39b80b8c-0624-4187-9492-967d71de85bd', 'content': 'Hello Kafka! Producer online Here', 'timestamp': '2024-05-07T09:26:05.611105'}
2024-05-07 09:26:20,056 - INFO - __main__ - Processing message: {'uuid': '5b61db57-d62c-4d12-950c-88ef686bc841', 'content': 'Hello Kafka! Producer online Here', 'timestamp': '2024-05-07T09:26:07.616193'}
2024-05-07 09:26:20,056 - INFO - __main__ - Processing message: {'uuid': 'fea1331c-afc0-4f4e-ac0e-85bfebf3b8a4', 'content': 'Hello Kafka! Producer online Here', 'timestamp': '2024-05-07T09:26:09.621312'}
2024-05-07 09:26:20,056 - INFO - __main__ - Processing message: {'uuid': 'd14158e1-20b3-4f3b-a642-7666463018c3', 'content': 'Hello Kafka! Producer online Here', 'timestamp': '2024-05-07T09:26:11.626080'}
2024-05-07 09:26:20,057 - INFO - __main__ - Processing message: {'uuid': '95e989ae-69de-4d16-9d42-978ea2885375', 'content': 'Hello Kafka! Producer online Here', 'timestamp': '2024-05-07T09:26:13.631417'}
2024-05-07 09:26:20,057 - INFO - __main__ - Processing message: {'uuid': 'f473c9fc-d5be-48a2-8cd6-ad6af901966c', 'content': 'Hello Kafka! Producer online Here', 'timestamp': '2024-05-07T09:26:15.636737'}
2024-05-07 09:26:20,057 - INFO - __main__ - Processing message: {'uuid': 'c9b21ec8-735b-41eb-aab6-5e2700b4ae7a', 'content': 'Hello Kafka! Producer online Here', 'timestamp': '2024-05-07T09:26:17.642249'}
2024-05-07 09:26:20,057 - INFO - __main__ - Processing message: {'uuid': '341309c3-6e5f-4aa1-aa20-37135487335e', 'content': 'Hello Kafka! Producer online Here', 'timestamp': '2024-05-07T09:23:11.174753'}
2024-05-07 09:26:20,057 - INFO - __main__ - Processing message: {'uuid': 'ba179a1d-a0eb-4c37-bb71-7ff9db63e68c', 'content': 'Hello Kafka! Producer online Here', 'timestamp': '2024-05-07T09:23:19.196517'}
2024-05-07 09:26:20,057 - INFO - __main__ - Processing message: {'uuid': 'f9bb9534-f270-4fb2-9440-a2f05097a4fa', 'content': 'Hello Kafka! Producer online Here', 'timestamp': '2024-05-07T09:23:21.200953'}
2024-05-07 09:26:20,057 - INFO - __main__ - Processing message: {'uuid': '40017ce3-067c-45d5-93a9-cd6f94adfc4b', 'content': 'Hello Kafka! Producer online Here', 'timestamp': '2024-05-07T09:23:22.203580'}
2024-05-07 09:26:20,057 - INFO - __main__ - Processing message: {'uuid': '6ec3a418-33b8-4121-937e-8367541c4863', 'content': 'Hello Kafka! Producer online Here', 'timestamp': '2024-05-07T09:23:23.206142'}
2024-05-07 09:26:20,057 - INFO - __main__ - Processing message: {'uuid': 'f48085fb-c1b8-443f-b39e-b3c5ba49bc5d', 'content': 'Hello Kafka! Producer online Here', 'timestamp': '2024-05-07T09:23:25.211315'}
2024-05-07 09:26:20,057 - INFO - __main__ - Processing message: {'uuid': '8e8ca9be-e756-4321-b7a5-f4a795302aa2', 'content': 'Hello Kafka! Producer online Here', 'timestamp': '2024-05-07T09:23:26.213880'}
2024-05-07 09:26:20,057 - INFO - __main__ - Processing message: {'uuid': 'e251d931-7970-4829-bf3b-cf51a467c604', 'content': 'Hello Kafka! Producer online Here', 'timestamp': '2024-05-07T09:23:32.228668'}
2024-05-07 09:26:20,057 - INFO - __main__ - Processing message: {'uuid': 'd070ef07-9dfc-40f4-8a95-cf236b6b884d', 'content': 'Hello Kafka! Producer online Here', 'timestamp': '2024-05-07T09:23:38.244059'}
2024-05-07 09:26:20,057 - INFO - __main__ - Processing message: {'uuid': 'd0c083e3-a13e-4d7d-bd29-bb3f97d30830', 'content': 'Hello Kafka! Producer online Here', 'timestamp': '2024-05-07T09:23:40.249238'}
2024-05-07 09:26:20,058 - INFO - __main__ - Processing message: {'uuid': '329aa160-240e-4f80-af44-4464bfd9997e', 'content': 'Hello Kafka! Producer online Here', 'timestamp': '2024-05-07T09:23:41.250795'}
2024-05-07 09:26:20,058 - INFO - __main__ - Processing message: {'uuid': '45128892-29c2-4b07-addd-a08ab2137373', 'content': 'Hello Kafka! Producer online Here', 'timestamp': '2024-05-07T09:23:42.253392'}
2024-05-07 09:26:20,058 - INFO - __main__ - Processing message: {'uuid': 'fae5b501-0c2d-40da-9599-5d06a6e02007', 'content': 'Hello Kafka! Producer online Here', 'timestamp': '2024-05-07T09:23:44.257134'}
2024-05-07 09:26:20,058 - INFO - __main__ - Processing message: {'uuid': 'adadb1d3-0734-4abf-bea6-312a10f956ef', 'content': 'Hello Kafka! Producer online Here', 'timestamp': '2024-05-07T09:23:46.261224'}
2024-05-07 09:26:20,058 - INFO - __main__ - Processing message: {'uuid': '923501cf-07fa-4673-bb05-b837e7619522', 'content': 'Hello Kafka! Producer online Here', 'timestamp': '2024-05-07T09:23:48.266427'}
2024-05-07 09:26:20,058 - INFO - __main__ - Processing message: {'uuid': 'bb16c6d4-d51c-4efa-90ef-dd255c4c6b44', 'content': 'Hello Kafka! Producer online Here', 'timestamp': '2024-05-07T09:23:49.268968'}
2024-05-07 09:26:20,058 - INFO - __main__ - Processing message: {'uuid': '71f433ca-2010-49cf-b3d0-4db919c8c3c2', 'content': 'Hello Kafka! Producer online Here', 'timestamp': '2024-05-07T09:23:52.276886'}
2024-05-07 09:26:20,058 - INFO - __main__ - Processing message: {'uuid': 'bdedb81b-5af6-47cf-95ff-e8f1c9a12191', 'content': 'Hello Kafka! Producer online Here', 'timestamp': '2024-05-07T09:23:53.279609'}
2024-05-07 09:26:20,058 - INFO - __main__ - Processing message: {'uuid': '0f819c21-c054-4d12-b172-6f93bcc00e1e', 'content': 'Hello Kafka! Producer online Here', 'timestamp': '2024-05-07T09:23:57.289863'}
2024-05-07 09:26:20,058 - INFO - __main__ - Processing message: {'uuid': 'e0fab95b-ae6e-41aa-99e2-b8c356898613', 'content': 'Hello Kafka! Producer online Here', 'timestamp': '2024-05-07T09:24:02.302840'}
2024-05-07 09:26:20,058 - INFO - __main__ - Processing message: {'uuid': '420ffcde-b7f1-4d50-b3d7-3c5899cef3c5', 'content': 'Hello Kafka! Producer online Here', 'timestamp': '2024-05-07T09:24:03.305362'}
2024-05-07 09:26:20,058 - INFO - __main__ - Processing message: {'uuid': 'f4b52015-ecc4-4c10-b838-ae298c3c9ebf', 'content': 'Hello Kafka! Producer online Here', 'timestamp': '2024-05-07T09:24:06.313055'}
2024-05-07 09:26:20,059 - INFO - __main__ - Processing message: {'uuid': '9dec5e8e-004f-425b-a91e-399f378dd796', 'content': 'Hello Kafka! Producer online Here', 'timestamp': '2024-05-07T09:24:09.320940'}
2024-05-07 09:26:20,059 - INFO - __main__ - Processing message: {'uuid': '51527cc6-5595-4d86-919e-f142217c6cfe', 'content': 'Hello Kafka! Producer online Here', 'timestamp': '2024-05-07T09:24:10.323629'}
2024-05-07 09:26:20,059 - INFO - __main__ - Processing message: {'uuid': 'd808dcd1-6cfe-4357-8d7c-6f999df91dc2', 'content': 'Hello Kafka! Producer online Here', 'timestamp': '2024-05-07T09:24:13.330197'}
2024-05-07 09:26:20,059 - INFO - __main__ - Processing message: {'uuid': 'ff25e8fd-7fe4-4743-b3eb-f66eac51c9b3', 'content': 'Hello Kafka! Producer online Here', 'timestamp': '2024-05-07T09:24:15.335557'}
2024-05-07 09:26:20,059 - INFO - __main__ - Processing message: {'uuid': '9e1bd33a-9737-4382-9aed-b37c4ebd5617', 'content': 'Hello Kafka! Producer online Here', 'timestamp': '2024-05-07T09:24:21.351295'}
2024-05-07 09:26:20,059 - INFO - __main__ - Processing message: {'uuid': '18342916-8bdf-4411-ac9b-ec34800878a3', 'content': 'Hello Kafka! Producer online Here', 'timestamp': '2024-05-07T09:24:22.353881'}
2024-05-07 09:26:20,059 - INFO - __main__ - Processing message: {'uuid': '582d437d-069b-4924-b8d7-d8b639753c99', 'content': 'Hello Kafka! Producer online Here', 'timestamp': '2024-05-07T09:24:23.356398'}
2024-05-07 09:26:20,059 - INFO - __main__ - Processing message: {'uuid': '4e29851d-4409-4010-a4e8-bed165a3e15e', 'content': 'Hello Kafka! Producer online Here', 'timestamp': '2024-05-07T09:24:26.364192'}
2024-05-07 09:26:20,059 - INFO - __main__ - Processing message: {'uuid': '3beeb369-ddbf-4cf3-aa5f-d0c37e7fa207', 'content': 'Hello Kafka! Producer online Here', 'timestamp': '2024-05-07T09:24:27.366806'}
2024-05-07 09:26:20,059 - INFO - __main__ - Processing message: {'uuid': 'bc5e5b4e-edfc-49db-9fbf-9609cacedf92', 'content': 'Hello Kafka! Producer online Here', 'timestamp': '2024-05-07T09:24:29.372047'}
2024-05-07 09:26:20,059 - INFO - __main__ - Processing message: {'uuid': '743919fb-95e2-46f0-bffb-14fd8fae30d5', 'content': 'Hello Kafka! Producer online Here', 'timestamp': '2024-05-07T09:24:31.377009'}
2024-05-07 09:26:20,059 - INFO - __main__ - Processing message: {'uuid': '54eb6a68-9b6a-4711-afee-ef403c61f370', 'content': 'Hello Kafka! Producer online Here', 'timestamp': '2024-05-07T09:24:33.381748'}
2024-05-07 09:26:20,059 - INFO - __main__ - Processing message: {'uuid': 'f400ff87-3682-405c-a67d-aed785c1e899', 'content': 'Hello Kafka! Producer online Here', 'timestamp': '2024-05-07T09:24:35.386972'}
2024-05-07 09:26:20,059 - INFO - __main__ - Processing message: {'uuid': '4939ede0-22c9-4d2a-a3f2-cfcd8a4095d3', 'content': 'Hello Kafka! Producer online Here', 'timestamp': '2024-05-07T09:24:37.392342'}
2024-05-07 09:26:20,059 - INFO - __main__ - Processing message: {'uuid': '01aca3c5-0747-4914-8bc5-4c9e1da9c2ab', 'content': 'Hello Kafka! Producer online Here', 'timestamp': '2024-05-07T09:24:38.394846'}
2024-05-07 09:26:20,060 - INFO - __main__ - Processing message: {'uuid': '3e40727c-d834-44b7-8f98-eda2194aa1c3', 'content': 'Hello Kafka! Producer online Here', 'timestamp': '2024-05-07T09:24:40.399828'}
2024-05-07 09:26:20,060 - INFO - __main__ - Processing message: {'uuid': 'cc26bb18-0006-4c0a-827e-0088d80aae04', 'content': 'Hello Kafka! Producer online Here', 'timestamp': '2024-05-07T09:24:42.404916'}
2024-05-07 09:26:20,060 - INFO - __main__ - Processing message: {'uuid': '12dafa0f-632a-4c87-9776-79b093c7c18a', 'content': 'Hello Kafka! Producer online Here', 'timestamp': '2024-05-07T09:24:46.414996'}
2024-05-07 09:26:20,060 - INFO - __main__ - Processing message: {'uuid': '8814decc-dfac-44b4-9d37-2084c3c15276', 'content': 'Hello Kafka! Producer online Here', 'timestamp': '2024-05-07T09:24:49.422600'}
2024-05-07 09:26:20,060 - INFO - __main__ - Processing message: {'uuid': '8e3c3642-2439-449d-844c-ff2c7f96f9ea', 'content': 'Hello Kafka! Producer online Here', 'timestamp': '2024-05-07T09:24:51.427766'}
2024-05-07 09:26:20,060 - INFO - __main__ - Processing message: {'uuid': 'bc9dc035-5ff5-4e53-848a-9ebc6802caa7', 'content': 'Hello Kafka! Producer online Here', 'timestamp': '2024-05-07T09:24:55.436832'}
2024-05-07 09:26:20,060 - INFO - __main__ - Processing message: {'uuid': '891e3d2f-0ae3-4227-90f4-619b763bb401', 'content': 'Hello Kafka! Producer online Here', 'timestamp': '2024-05-07T09:24:58.444768'}
2024-05-07 09:26:20,060 - INFO - __main__ - Processing message: {'uuid': '1e9a1fa0-4ced-45f9-8b24-69b776fc09e6', 'content': 'Hello Kafka! Producer online Here', 'timestamp': '2024-05-07T09:24:59.446853'}
2024-05-07 09:26:20,060 - INFO - __main__ - Processing message: {'uuid': 'e39e1ac9-92a5-4dc7-93fa-5f760a9e0ab3', 'content': 'Hello Kafka! Producer online Here', 'timestamp': '2024-05-07T09:25:08.467879'}
2024-05-07 09:26:20,060 - INFO - __main__ - Processing message: {'uuid': '791c5944-f052-4f04-b72b-41c7f36893d3', 'content': 'Hello Kafka! Producer online Here', 'timestamp': '2024-05-07T09:25:13.479078'}
2024-05-07 09:26:20,060 - INFO - __main__ - Processing message: {'uuid': '2393acae-4dc9-4b2e-9bfd-423811e79033', 'content': 'Hello Kafka! Producer online Here', 'timestamp': '2024-05-07T09:25:21.499895'}
2024-05-07 09:26:20,060 - INFO - __main__ - Processing message: {'uuid': '653eded6-b330-41e5-b3f1-1c6142abc492', 'content': 'Hello Kafka! Producer online Here', 'timestamp': '2024-05-07T09:25:24.507657'}
2024-05-07 09:26:20,060 - INFO - __main__ - Processing message: {'uuid': '89d50640-2deb-43a8-91b8-a497e5314c64', 'content': 'Hello Kafka! Producer online Here', 'timestamp': '2024-05-07T09:25:29.520334'}
2024-05-07 09:26:20,060 - INFO - __main__ - Processing message: {'uuid': 'f78dbeb8-9eb5-4d2d-b944-2700c776f4f7', 'content': 'Hello Kafka! Producer online Here', 'timestamp': '2024-05-07T09:25:32.527794'}
2024-05-07 09:26:20,060 - INFO - __main__ - Processing message: {'uuid': 'd6a966df-5652-4aee-b613-a16fb12e6817', 'content': 'Hello Kafka! Producer online Here', 'timestamp': '2024-05-07T09:25:45.558878'}
2024-05-07 09:26:20,060 - INFO - __main__ - Processing message: {'uuid': '59e6a6a6-b6bd-4815-ab6b-2e05186f67e1', 'content': 'Hello Kafka! Producer online Here', 'timestamp': '2024-05-07T09:25:46.561594'}
2024-05-07 09:26:20,060 - INFO - __main__ - Processing message: {'uuid': '7b3259ec-a22f-4c2e-a3bc-15a3efb72812', 'content': 'Hello Kafka! Producer online Here', 'timestamp': '2024-05-07T09:25:48.566749'}
2024-05-07 09:26:20,061 - INFO - __main__ - Processing message: {'uuid': 'ff85319d-1231-47e1-b6d0-18cb7b671ded', 'content': 'Hello Kafka! Producer online Here', 'timestamp': '2024-05-07T09:25:51.574539'}
2024-05-07 09:26:20,061 - INFO - __main__ - Processing message: {'uuid': 'b3ab66df-49a7-4820-8d55-7a08b8b23f7d', 'content': 'Hello Kafka! Producer online Here', 'timestamp': '2024-05-07T09:25:56.587678'}
2024-05-07 09:26:20,061 - INFO - __main__ - Processing message: {'uuid': '83bd7934-aa7e-4ad8-a24c-b20d97e901ec', 'content': 'Hello Kafka! Producer online Here', 'timestamp': '2024-05-07T09:25:58.593012'}
2024-05-07 09:26:20,061 - INFO - __main__ - Processing message: {'uuid': 'f8666a56-93e9-48ac-a13b-824c043af70c', 'content': 'Hello Kafka! Producer online Here', 'timestamp': '2024-05-07T09:26:01.600907'}
2024-05-07 09:26:20,061 - INFO - __main__ - Processing message: {'uuid': 'fdbaf22c-e846-4e4e-88e0-a3ea9a7fa4c9', 'content': 'Hello Kafka! Producer online Here', 'timestamp': '2024-05-07T09:26:03.606036'}
2024-05-07 09:26:20,061 - INFO - __main__ - Processing message: {'uuid': 'a0acdc05-f462-4c81-81a2-4014ab75197a', 'content': 'Hello Kafka! Producer online Here', 'timestamp': '2024-05-07T09:26:04.608707'}
2024-05-07 09:26:20,061 - INFO - __main__ - Processing message: {'uuid': '7bb4daa3-968c-4402-b1e7-cc40da277fd0', 'content': 'Hello Kafka! Producer online Here', 'timestamp': '2024-05-07T09:26:06.613733'}
2024-05-07 09:26:20,061 - INFO - __main__ - Processing message: {'uuid': 'a0db81df-c04d-4a82-bb63-987b76e190a5', 'content': 'Hello Kafka! Producer online Here', 'timestamp': '2024-05-07T09:23:00.047258'}
2024-05-07 09:26:20,061 - INFO - __main__ - Processing message: {'uuid': 'c10f194a-69c3-4d74-ae27-349fe6b90749', 'content': 'Hello Kafka! Producer online Here', 'timestamp': '2024-05-07T09:23:01.149881'}
2024-05-07 09:26:20,061 - INFO - __main__ - Processing message: {'uuid': 'a612cccb-df2e-4db5-bad6-19efb71fcfb9', 'content': 'Hello Kafka! Producer online Here', 'timestamp': '2024-05-07T09:23:06.162439'}
2024-05-07 09:26:20,061 - INFO - __main__ - Processing message: {'uuid': 'cc8be0eb-6f50-4a0b-8cf0-140971d6fe31', 'content': 'Hello Kafka! Producer online Here', 'timestamp': '2024-05-07T09:23:09.169949'}
2024-05-07 09:26:20,061 - INFO - __main__ - Processing message: {'uuid': 'd5f0a102-0b5f-4151-8fd3-bffe8b98e2b7', 'content': 'Hello Kafka! Producer online Here', 'timestamp': '2024-05-07T09:23:10.172391'}
2024-05-07 09:26:20,061 - INFO - __main__ - Processing message: {'uuid': 'fb1ae948-80ea-47f5-879b-3c232cefac4e', 'content': 'Hello Kafka! Producer online Here', 'timestamp': '2024-05-07T09:23:14.183358'}
2024-05-07 09:26:20,061 - INFO - __main__ - Processing message: {'uuid': 'f55e7489-471a-4766-a029-f09ef73543c2', 'content': 'Hello Kafka! Producer online Here', 'timestamp': '2024-05-07T09:23:15.186288'}
2024-05-07 09:26:20,061 - INFO - __main__ - Processing message: {'uuid': '5056a873-e507-4461-8408-098f7dd3a6c1', 'content': 'Hello Kafka! Producer online Here', 'timestamp': '2024-05-07T09:23:20.198538'}
2024-05-07 09:26:20,061 - INFO - __main__ - Processing message: {'uuid': 'dea6943f-73d2-4b70-91c8-cf2c9bfef074', 'content': 'Hello Kafka! Producer online Here', 'timestamp': '2024-05-07T09:23:27.216292'}
2024-05-07 09:26:20,061 - INFO - __main__ - Processing message: {'uuid': '24e3e536-0737-4580-878b-5972e08f8809', 'content': 'Hello Kafka! Producer online Here', 'timestamp': '2024-05-07T09:23:28.218682'}
2024-05-07 09:26:20,062 - INFO - __main__ - Processing message: {'uuid': 'e7b660dd-030e-4460-8220-d58eefa3efad', 'content': 'Hello Kafka! Producer online Here', 'timestamp': '2024-05-07T09:23:29.221236'}
2024-05-07 09:26:20,062 - INFO - __main__ - Processing message: {'uuid': 'ce01a4f3-4532-44ea-81ba-710a9afc213e', 'content': 'Hello Kafka! Producer online Here', 'timestamp': '2024-05-07T09:23:33.231072'}
2024-05-07 09:26:20,062 - INFO - __main__ - Processing message: {'uuid': '838cfd72-2102-439b-a4cd-4132bedd16a7', 'content': 'Hello Kafka! Producer online Here', 'timestamp': '2024-05-07T09:23:39.246623'}
2024-05-07 09:26:20,062 - INFO - __main__ - Processing message: {'uuid': 'f70ee361-94cd-4d5d-b3b9-a1608298278b', 'content': 'Hello Kafka! Producer online Here', 'timestamp': '2024-05-07T09:23:43.255492'}
2024-05-07 09:26:20,062 - INFO - __main__ - Processing message: {'uuid': '81aa06e6-2db0-4ffb-9ca6-6275eb26f41e', 'content': 'Hello Kafka! Producer online Here', 'timestamp': '2024-05-07T09:23:45.258769'}
2024-05-07 09:26:20,062 - INFO - __main__ - Processing message: {'uuid': 'fe4d597d-9c19-46e4-8ae8-f364c8f25b30', 'content': 'Hello Kafka! Producer online Here', 'timestamp': '2024-05-07T09:23:47.263906'}
2024-05-07 09:26:20,062 - INFO - __main__ - Processing message: {'uuid': '0e705109-11e9-48d3-aab8-ae570677ab6e', 'content': 'Hello Kafka! Producer online Here', 'timestamp': '2024-05-07T09:23:51.274321'}
2024-05-07 09:26:20,062 - INFO - __main__ - Processing message: {'uuid': 'c8aac63c-1be2-4b15-9acd-8284b1cc2c5b', 'content': 'Hello Kafka! Producer online Here', 'timestamp': '2024-05-07T09:23:54.282136'}
2024-05-07 09:26:20,062 - INFO - __main__ - Processing message: {'uuid': '1e57dd00-1c74-43e9-9e1b-dda68775ec15', 'content': 'Hello Kafka! Producer online Here', 'timestamp': '2024-05-07T09:23:58.292434'}
2024-05-07 09:26:20,062 - INFO - __main__ - Processing message: {'uuid': '3b67ef85-92a8-42bf-b9d7-62d2ef7bb8dc', 'content': 'Hello Kafka! Producer online Here', 'timestamp': '2024-05-07T09:24:04.307927'}
2024-05-07 09:26:20,062 - INFO - __main__ - Processing message: {'uuid': 'e894072f-8a9c-485b-b704-3c44c094761c', 'content': 'Hello Kafka! Producer online Here', 'timestamp': '2024-05-07T09:24:07.315755'}
2024-05-07 09:26:20,062 - INFO - __main__ - Processing message: {'uuid': 'a23dc15c-7098-437d-a772-1a2dd3456cb6', 'content': 'Hello Kafka! Producer online Here', 'timestamp': '2024-05-07T09:24:08.318291'}
2024-05-07 09:26:20,062 - INFO - __main__ - Processing message: {'uuid': '0de9a377-4f99-4aef-970d-58631b9e152c', 'content': 'Hello Kafka! Producer online Here', 'timestamp': '2024-05-07T09:24:12.327713'}
2024-05-07 09:26:20,062 - INFO - __main__ - Processing message: {'uuid': '6519601e-b76b-4987-84c5-2a1c5719fb68', 'content': 'Hello Kafka! Producer online Here', 'timestamp': '2024-05-07T09:24:14.332810'}
2024-05-07 09:26:20,062 - INFO - __main__ - Processing message: {'uuid': 'fa112b87-ce56-4e3a-9230-bec2236210e8', 'content': 'Hello Kafka! Producer online Here', 'timestamp': '2024-05-07T09:24:16.338171'}
2024-05-07 09:26:20,062 - INFO - __main__ - Processing message: {'uuid': '2681cc6c-68df-434a-a858-5a5ccb19c1f8', 'content': 'Hello Kafka! Producer online Here', 'timestamp': '2024-05-07T09:24:17.340841'}
2024-05-07 09:26:20,062 - INFO - __main__ - Processing message: {'uuid': '39c62660-2845-4d94-a9fc-39cf6cba9061', 'content': 'Hello Kafka! Producer online Here', 'timestamp': '2024-05-07T09:24:18.343505'}
2024-05-07 09:26:20,063 - INFO - __main__ - Processing message: {'uuid': '4dcf9007-ec1f-4764-8c96-30d116f292cd', 'content': 'Hello Kafka! Producer online Here', 'timestamp': '2024-05-07T09:24:25.361499'}
2024-05-07 09:26:20,063 - INFO - __main__ - Processing message: {'uuid': '03c74685-08f9-49bf-9329-4e2cb5b0b9ae', 'content': 'Hello Kafka! Producer online Here', 'timestamp': '2024-05-07T09:24:28.369500'}
2024-05-07 09:26:20,063 - INFO - __main__ - Processing message: {'uuid': '7e878187-d1c8-4d4f-928f-f03147c80c12', 'content': 'Hello Kafka! Producer online Here', 'timestamp': '2024-05-07T09:24:34.384288'}
2024-05-07 09:26:20,063 - INFO - __main__ - Processing message: {'uuid': '9824ebe1-7622-42dd-a7a9-b117ac5d462a', 'content': 'Hello Kafka! Producer online Here', 'timestamp': '2024-05-07T09:24:36.389704'}
2024-05-07 09:26:20,063 - INFO - __main__ - Processing message: {'uuid': '114439ac-18c2-49ba-80c4-03a989bb0c7f', 'content': 'Hello Kafka! Producer online Here', 'timestamp': '2024-05-07T09:24:43.407503'}
2024-05-07 09:26:20,063 - INFO - __main__ - Processing message: {'uuid': 'b522e5a9-3ddd-4f2c-8ed5-4e4583c439c8', 'content': 'Hello Kafka! Producer online Here', 'timestamp': '2024-05-07T09:24:44.409891'}
2024-05-07 09:26:20,063 - INFO - __main__ - Processing message: {'uuid': 'afe835be-ebf7-4a4f-b2df-9ed69a74babf', 'content': 'Hello Kafka! Producer online Here', 'timestamp': '2024-05-07T09:24:45.412428'}
2024-05-07 09:26:20,063 - INFO - __main__ - Processing message: {'uuid': '9585a1be-5326-4902-b0a2-0f3f8a36aeb0', 'content': 'Hello Kafka! Producer online Here', 'timestamp': '2024-05-07T09:24:48.420078'}
2024-05-07 09:26:20,063 - INFO - __main__ - Processing message: {'uuid': '17446477-0db4-448a-a178-d8dc435d5e65', 'content': 'Hello Kafka! Producer online Here', 'timestamp': '2024-05-07T09:24:52.429748'}
2024-05-07 09:26:20,063 - INFO - __main__ - Processing message: {'uuid': '3814c42c-ff4f-4125-a5db-5cbd2b067227', 'content': 'Hello Kafka! Producer online Here', 'timestamp': '2024-05-07T09:24:53.431647'}
2024-05-07 09:26:20,063 - INFO - __main__ - Processing message: {'uuid': '6fea7f55-4a7c-44cb-8f87-fdb94087aa32', 'content': 'Hello Kafka! Producer online Here', 'timestamp': '2024-05-07T09:24:54.434159'}
2024-05-07 09:26:20,063 - INFO - __main__ - Processing message: {'uuid': '90526e4a-616e-4fd5-b645-f83f582063cd', 'content': 'Hello Kafka! Producer online Here', 'timestamp': '2024-05-07T09:24:56.439581'}
2024-05-07 09:26:20,063 - INFO - __main__ - Processing message: {'uuid': 'dd117bbe-8b7e-4b46-b8f8-ed03fc36c349', 'content': 'Hello Kafka! Producer online Here', 'timestamp': '2024-05-07T09:24:57.442189'}
2024-05-07 09:26:20,063 - INFO - __main__ - Processing message: {'uuid': 'f301f20d-00df-4f46-8bbb-4ac7a87c5931', 'content': 'Hello Kafka! Producer online Here', 'timestamp': '2024-05-07T09:25:01.451025'}
2024-05-07 09:26:20,063 - INFO - __main__ - Processing message: {'uuid': 'ab597767-fbce-4e12-8c03-6bde728e4ea0', 'content': 'Hello Kafka! Producer online Here', 'timestamp': '2024-05-07T09:25:09.470487'}
2024-05-07 09:26:20,063 - INFO - __main__ - Processing message: {'uuid': 'cb15e0f1-1ffe-4199-af45-08cef4cb4159', 'content': 'Hello Kafka! Producer online Here', 'timestamp': '2024-05-07T09:25:11.475438'}
2024-05-07 09:26:20,063 - INFO - __main__ - Processing message: {'uuid': '02504025-4d70-492c-8155-2ce321ef92d1', 'content': 'Hello Kafka! Producer online Here', 'timestamp': '2024-05-07T09:25:17.489455'}
2024-05-07 09:26:20,063 - INFO - __main__ - Processing message: {'uuid': 'd86fce4c-4c84-469b-a1f6-1ce3652902da', 'content': 'Hello Kafka! Producer online Here', 'timestamp': '2024-05-07T09:25:18.492100'}
2024-05-07 09:26:20,064 - INFO - __main__ - Processing message: {'uuid': '7227b1da-1f36-409e-818a-a1874864120f', 'content': 'Hello Kafka! Producer online Here', 'timestamp': '2024-05-07T09:25:19.494644'}
2024-05-07 09:26:20,064 - INFO - __main__ - Processing message: {'uuid': '83c98b6e-9f34-42d1-9f4b-24cda2197869', 'content': 'Hello Kafka! Producer online Here', 'timestamp': '2024-05-07T09:25:20.497238'}
2024-05-07 09:26:20,064 - INFO - __main__ - Processing message: {'uuid': '69184788-b1fd-4752-b37b-577b219a617c', 'content': 'Hello Kafka! Producer online Here', 'timestamp': '2024-05-07T09:25:23.505092'}
2024-05-07 09:26:20,064 - INFO - __main__ - Processing message: {'uuid': 'ae108c13-d99f-4f2b-b623-c06bde323eaa', 'content': 'Hello Kafka! Producer online Here', 'timestamp': '2024-05-07T09:25:27.515415'}
2024-05-07 09:26:20,064 - INFO - __main__ - Processing message: {'uuid': '45e70d5b-c980-4955-80c8-7e935630b22f', 'content': 'Hello Kafka! Producer online Here', 'timestamp': '2024-05-07T09:25:28.517860'}
2024-05-07 09:26:20,064 - INFO - __main__ - Processing message: {'uuid': 'e6628c3a-39b1-4dc1-963d-f0978549f85b', 'content': 'Hello Kafka! Producer online Here', 'timestamp': '2024-05-07T09:25:31.525408'}
2024-05-07 09:26:20,064 - INFO - __main__ - Processing message: {'uuid': 'ab678e86-9e30-4491-ac08-eff2326b4518', 'content': 'Hello Kafka! Producer online Here', 'timestamp': '2024-05-07T09:25:36.538083'}
2024-05-07 09:26:20,064 - INFO - __main__ - Processing message: {'uuid': 'b0033459-b5d7-45a0-8ea8-0fb767239e62', 'content': 'Hello Kafka! Producer online Here', 'timestamp': '2024-05-07T09:25:39.544422'}
2024-05-07 09:26:20,064 - INFO - __main__ - Processing message: {'uuid': '13c6a8b1-a0e2-4a06-928a-edcd5ed3be12', 'content': 'Hello Kafka! Producer online Here', 'timestamp': '2024-05-07T09:25:41.549616'}
2024-05-07 09:26:20,064 - INFO - __main__ - Processing message: {'uuid': 'a4a2d2f9-94a3-4a4b-bafa-8e195d62b4b5', 'content': 'Hello Kafka! Producer online Here', 'timestamp': '2024-05-07T09:25:43.553777'}
2024-05-07 09:26:20,064 - INFO - __main__ - Processing message: {'uuid': '4b04e064-7cd2-40dc-b264-d411c3653990', 'content': 'Hello Kafka! Producer online Here', 'timestamp': '2024-05-07T09:25:49.569424'}
2024-05-07 09:26:20,064 - INFO - __main__ - Processing message: {'uuid': '605a7e94-7757-41f7-a95e-b6ed10a38175', 'content': 'Hello Kafka! Producer online Here', 'timestamp': '2024-05-07T09:25:50.571945'}
2024-05-07 09:26:20,064 - INFO - __main__ - Processing message: {'uuid': 'e08e90c2-9f15-4181-b66f-f4d374166896', 'content': 'Hello Kafka! Producer online Here', 'timestamp': '2024-05-07T09:25:57.590301'}
2024-05-07 09:26:20,064 - INFO - __main__ - Processing message: {'uuid': '8ee8e108-8657-4cb1-b0a4-f848467bf40a', 'content': 'Hello Kafka! Producer online Here', 'timestamp': '2024-05-07T09:26:08.618744'}
2024-05-07 09:26:20,064 - INFO - __main__ - Processing message: {'uuid': 'cbe2578a-6852-49cc-b5f8-8607e323e7d5', 'content': 'Hello Kafka! Producer online Here', 'timestamp': '2024-05-07T09:26:10.623808'}
2024-05-07 09:26:20,064 - INFO - __main__ - Processing message: {'uuid': 'a1936564-3ca7-489d-aa30-eddfd57774b1', 'content': 'Hello Kafka! Producer online Here', 'timestamp': '2024-05-07T09:26:12.628684'}
2024-05-07 09:26:20,064 - INFO - __main__ - Processing message: {'uuid': 'e52d17d2-e9c2-477a-940d-276fce8f44f8', 'content': 'Hello Kafka! Producer online Here', 'timestamp': '2024-05-07T09:26:14.634089'}
2024-05-07 09:26:20,064 - INFO - __main__ - Processing message: {'uuid': '29ab1886-9119-4852-8fd6-aa20888b3bf0', 'content': 'Hello Kafka! Producer online Here', 'timestamp': '2024-05-07T09:26:16.639317'}
2024-05-07 09:26:20,065 - INFO - __main__ - Processing message: {'uuid': 'c7397062-b15c-49a5-bc44-ba7c53b2d1f6', 'content': 'Hello Kafka! Producer online Here', 'timestamp': '2024-05-07T09:26:18.644803'}
2024-05-07 09:26:20,065 - INFO - __main__ - Processing message: {'uuid': 'b9c6e94f-edde-4cd0-b0f9-aefd8c243941', 'content': 'Hello Kafka! Producer online Here', 'timestamp': '2024-05-07T09:26:19.647405'}
2024-05-07 09:26:20,659 - INFO - __main__ - Processing message: {'uuid': '7328bb35-6bbd-4741-882b-91f305bf6532', 'content': 'Hello Kafka! Producer online Here', 'timestamp': '2024-05-07T09:26:20.649904'}
2024-05-07 09:26:21,663 - INFO - __main__ - Processing message: {'uuid': '2066801c-188c-4323-ad63-7d4244ea767a', 'content': 'Hello Kafka! Producer online Here', 'timestamp': '2024-05-07T09:26:21.652270'}
2024-05-07 09:26:22,665 - INFO - __main__ - Processing message: {'uuid': '4657b42a-e2af-4672-9986-ffc1c7f11b18', 'content': 'Hello Kafka! Producer online Here', 'timestamp': '2024-05-07T09:26:22.654124'}
2024-05-07 09:26:23,666 - INFO - __main__ - Processing message: {'uuid': '28eb45d0-68e5-4a19-bab5-9ab2773464a8', 'content': 'Hello Kafka! Producer online Here', 'timestamp': '2024-05-07T09:26:23.656393'}
2024-05-07 09:26:24,669 - INFO - __main__ - Processing message: {'uuid': '96122dc3-2a03-4825-83c9-d029897d6d77', 'content': 'Hello Kafka! Producer online Here', 'timestamp': '2024-05-07T09:26:24.658491'}
2024-05-07 09:26:25,668 - INFO - __main__ - Processing message: {'uuid': '67e410f4-7716-442e-bcba-3601a8cec1b3', 'content': 'Hello Kafka! Producer online Here', 'timestamp': '2024-05-07T09:26:25.659764'}
2024-05-07 09:26:26,671 - INFO - __main__ - Processing message: {'uuid': 'aafea78c-31a9-4696-8e83-016ff01267bd', 'content': 'Hello Kafka! Producer online Here', 'timestamp': '2024-05-07T09:26:26.662184'}
2024-05-07 09:28:09,548 - INFO - __main__ - Processing message: {'uuid': 'c8ceadf2-c0d9-41e6-8d42-0cdc737d8194', 'content': 'Hello Kafka! Producer online Here', 'timestamp': '2024-05-07T09:26:27.664871'}
2024-05-07 09:28:09,549 - INFO - __main__ - Processing message: {'uuid': '288e9491-aaff-478e-a27e-e30861b73a03', 'content': 'Hello Kafka! Producer online Here', 'timestamp': '2024-05-07T09:26:28.667530'}
2024-05-07 09:28:09,549 - INFO - __main__ - Processing message: {'uuid': '3e525779-d1b7-461d-9989-f039e726c581', 'content': 'Hello Kafka! Producer online Here', 'timestamp': '2024-05-07T09:26:30.672633'}
2024-05-07 09:28:09,549 - INFO - __main__ - Processing message: {'uuid': '80206774-ec7a-4a9d-8352-065743f2a18c', 'content': 'Hello Kafka! Producer online Here', 'timestamp': '2024-05-07T09:26:32.677874'}
2024-05-07 09:28:09,549 - INFO - __main__ - Processing message: {'uuid': '9669b3dd-c647-4004-9ce4-3c6faa7bce4a', 'content': 'Hello Kafka! Producer online Here', 'timestamp': '2024-05-07T09:26:33.680491'}
2024-05-07 09:28:09,550 - INFO - __main__ - Processing message: {'uuid': '28c9e6f0-4a5c-4742-87e1-0e37d4bd5dc9', 'content': 'Hello Kafka! Producer online Here', 'timestamp': '2024-05-07T09:26:35.685775'}
2024-05-07 09:28:09,550 - INFO - __main__ - Processing message: {'uuid': 'e0e5cd95-7304-47fa-b015-1a1c9168c115', 'content': 'Hello Kafka! Producer online Here', 'timestamp': '2024-05-07T09:26:40.698780'}
2024-05-07 09:28:09,550 - INFO - __main__ - Processing message: {'uuid': '5a32b08d-9a8b-4249-a311-cf603a690669', 'content': 'Hello Kafka! Producer online Here', 'timestamp': '2024-05-07T09:26:42.704142'}
2024-05-07 09:28:09,550 - INFO - __main__ - Processing message: {'uuid': 'feba1688-d5ec-4fd9-b56e-1aaac988a90a', 'content': 'Hello Kafka! Producer online Here', 'timestamp': '2024-05-07T09:26:52.728844'}
2024-05-07 09:28:09,551 - INFO - __main__ - Processing message: {'uuid': '8b7303d7-b481-4588-a30c-0652e961c6b8', 'content': 'Hello Kafka! Producer online Here', 'timestamp': '2024-05-07T09:26:53.731516'}
2024-05-07 09:28:09,551 - INFO - __main__ - Processing message: {'uuid': 'ee53437a-b1b7-4393-9547-003301025d1e', 'content': 'Hello Kafka! Producer online Here', 'timestamp': '2024-05-07T09:26:54.734204'}
2024-05-07 09:28:09,551 - INFO - __main__ - Processing message: {'uuid': '120e6d33-8882-441c-8a84-71e38424d655', 'content': 'Hello Kafka! Producer online Here', 'timestamp': '2024-05-07T09:26:59.747271'}
2024-05-07 09:28:09,551 - INFO - __main__ - Processing message: {'uuid': '9bf95b0a-0803-41ba-84a3-0107220ba73f', 'content': 'Hello Kafka! Producer online Here', 'timestamp': '2024-05-07T09:27:00.749686'}
2024-05-07 09:28:09,551 - INFO - __main__ - Processing message: {'uuid': 'b33cc5dd-2029-4ef0-b395-14a8bf466db5', 'content': 'Hello Kafka! Producer online Here', 'timestamp': '2024-05-07T09:27:01.752219'}
2024-05-07 09:28:09,552 - INFO - __main__ - Processing message: {'uuid': '6fdcaa19-2a5d-4220-be18-064bba35cfb6', 'content': 'Hello Kafka! Producer online Here', 'timestamp': '2024-05-07T09:27:04.759631'}
2024-05-07 09:28:09,552 - INFO - __main__ - Processing message: {'uuid': 'd92a3401-1cd2-472d-8eb0-8202d5ff7efc', 'content': 'Hello Kafka! Producer online Here', 'timestamp': '2024-05-07T09:27:06.764547'}
2024-05-07 09:28:09,552 - INFO - __main__ - Processing message: {'uuid': '2e8a5ebe-e205-44f6-a5cd-6e60f825b830', 'content': 'Hello Kafka! Producer online Here', 'timestamp': '2024-05-07T09:27:10.774146'}
2024-05-07 09:28:09,552 - INFO - __main__ - Processing message: {'uuid': 'ab622578-a8b3-457a-9310-e45e3e5e3ad8', 'content': 'Hello Kafka! Producer online Here', 'timestamp': '2024-05-07T09:27:17.790772'}
2024-05-07 09:28:09,553 - INFO - __main__ - Processing message: {'uuid': '6f6268d4-2b53-4f00-88db-164b776c82d2', 'content': 'Hello Kafka! Producer online Here', 'timestamp': '2024-05-07T09:27:22.803831'}
2024-05-07 09:28:09,553 - INFO - __main__ - Processing message: {'uuid': '885df3dc-326c-4b1e-975e-37ad2a3846f8', 'content': 'Hello Kafka! Producer online Here', 'timestamp': '2024-05-07T09:27:23.806391'}
2024-05-07 09:28:09,553 - INFO - __main__ - Processing message: {'uuid': 'a5e93d83-a607-4cb8-bc57-602169f7139d', 'content': 'Hello Kafka! Producer online Here', 'timestamp': '2024-05-07T09:27:26.814037'}
2024-05-07 09:28:09,553 - INFO - __main__ - Processing message: {'uuid': '7e9c90a2-9ff9-447e-8b03-9850682ac652', 'content': 'Hello Kafka! Producer online Here', 'timestamp': '2024-05-07T09:27:35.836730'}
2024-05-07 09:28:09,553 - INFO - __main__ - Processing message: {'uuid': '6026194f-be60-41f2-a480-aea26855d004', 'content': 'Hello Kafka! Producer online Here', 'timestamp': '2024-05-07T09:27:37.841841'}
2024-05-07 09:28:09,554 - INFO - __main__ - Processing message: {'uuid': '328f19bd-1822-491e-b78a-9a63dbadad29', 'content': 'Hello Kafka! Producer online Here', 'timestamp': '2024-05-07T09:27:38.844025'}
2024-05-07 09:28:09,554 - INFO - __main__ - Processing message: {'uuid': '42f780ca-39f3-4730-bde5-c04faca99f1e', 'content': 'Hello Kafka! Producer online Here', 'timestamp': '2024-05-07T09:27:39.846549'}
2024-05-07 09:28:09,554 - INFO - __main__ - Processing message: {'uuid': 'b8f19aed-3dde-4ffb-8ae0-986a8c72b989', 'content': 'Hello Kafka! Producer online Here', 'timestamp': '2024-05-07T09:27:44.858948'}
2024-05-07 09:28:09,554 - INFO - __main__ - Processing message: {'uuid': '371a5d8a-5726-4b4c-8e39-f5944bdddf92', 'content': 'Hello Kafka! Producer online Here', 'timestamp': '2024-05-07T09:27:45.861809'}
2024-05-07 09:28:09,554 - INFO - __main__ - Processing message: {'uuid': 'e4f72bf9-ef4d-454c-bf4d-2425d12190c0', 'content': 'Hello Kafka! Producer online Here', 'timestamp': '2024-05-07T09:27:47.866889'}
2024-05-07 09:28:09,555 - INFO - __main__ - Processing message: {'uuid': '11f49336-7150-4f03-bb10-7627762b5482', 'content': 'Hello Kafka! Producer online Here', 'timestamp': '2024-05-07T09:27:48.869348'}
2024-05-07 09:28:09,555 - INFO - __main__ - Processing message: {'uuid': '49c6e241-8ebe-4082-9b50-db99f2efd600', 'content': 'Hello Kafka! Producer online Here', 'timestamp': '2024-05-07T09:27:50.874690'}
2024-05-07 09:28:09,555 - INFO - __main__ - Processing message: {'uuid': '7f2f43fe-9c47-4756-9da8-a3b66d18dfb0', 'content': 'Hello Kafka! Producer online Here', 'timestamp': '2024-05-07T09:27:55.887048'}
2024-05-07 09:28:09,555 - INFO - __main__ - Processing message: {'uuid': '831b7ca7-2b11-482e-9b1b-8adf3bd8d377', 'content': 'Hello Kafka! Producer online Here', 'timestamp': '2024-05-07T09:27:58.894651'}
2024-05-07 09:28:09,555 - INFO - __main__ - Processing message: {'uuid': '23659625-55e0-490f-b1e2-7e135627d600', 'content': 'Hello Kafka! Producer online Here', 'timestamp': '2024-05-07T09:28:03.907633'}
2024-05-07 09:28:09,556 - INFO - __main__ - Processing message: {'uuid': '65eb66ea-5b4e-435e-b18d-1bb231672c99', 'content': 'Hello Kafka! Producer online Here', 'timestamp': '2024-05-07T09:26:29.669976'}
2024-05-07 09:28:09,556 - INFO - __main__ - Processing message: {'uuid': '1234a0b6-e4b2-46a5-8fbf-dc222744dc2d', 'content': 'Hello Kafka! Producer online Here', 'timestamp': '2024-05-07T09:26:31.675269'}
2024-05-07 09:28:09,556 - INFO - __main__ - Processing message: {'uuid': '91eb48ae-a245-4ba5-8eca-08e453656da9', 'content': 'Hello Kafka! Producer online Here', 'timestamp': '2024-05-07T09:26:36.688409'}
2024-05-07 09:28:09,556 - INFO - __main__ - Processing message: {'uuid': 'f9d368cf-d22c-43a0-804b-ad09258506a6', 'content': 'Hello Kafka! Producer online Here', 'timestamp': '2024-05-07T09:26:41.701446'}
2024-05-07 09:28:09,556 - INFO - __main__ - Processing message: {'uuid': '505acbf3-370e-4430-8d8c-4351f89385d6', 'content': 'Hello Kafka! Producer online Here', 'timestamp': '2024-05-07T09:26:44.709284'}
2024-05-07 09:28:09,557 - INFO - __main__ - Processing message: {'uuid': '85e66910-dad6-4312-8350-deed869fe70c', 'content': 'Hello Kafka! Producer online Here', 'timestamp': '2024-05-07T09:26:45.711836'}
2024-05-07 09:28:09,557 - INFO - __main__ - Processing message: {'uuid': 'a726da09-37b2-41b7-897e-5c5ea2a23529', 'content': 'Hello Kafka! Producer online Here', 'timestamp': '2024-05-07T09:26:48.719684'}
2024-05-07 09:28:09,557 - INFO - __main__ - Processing message: {'uuid': '42256329-8ebc-43c1-ba3f-bfacd9157270', 'content': 'Hello Kafka! Producer online Here', 'timestamp': '2024-05-07T09:26:49.722235'}
2024-05-07 09:28:09,557 - INFO - __main__ - Processing message: {'uuid': '2753f635-955d-431e-a23d-5d4201632ed5', 'content': 'Hello Kafka! Producer online Here', 'timestamp': '2024-05-07T09:26:50.723765'}
2024-05-07 09:28:09,558 - INFO - __main__ - Processing message: {'uuid': '683b9292-e987-4fdb-8394-ba11ae42b1c7', 'content': 'Hello Kafka! Producer online Here', 'timestamp': '2024-05-07T09:26:51.726275'}
2024-05-07 09:28:09,558 - INFO - __main__ - Processing message: {'uuid': '53b540ed-2b7f-459a-a29a-01b82565100a', 'content': 'Hello Kafka! Producer online Here', 'timestamp': '2024-05-07T09:26:56.739324'}
2024-05-07 09:28:09,558 - INFO - __main__ - Processing message: {'uuid': '70e66742-5e57-45b9-9321-a13e0e65dcce', 'content': 'Hello Kafka! Producer online Here', 'timestamp': '2024-05-07T09:27:02.754831'}
2024-05-07 09:28:09,558 - INFO - __main__ - Processing message: {'uuid': '8e1fc5d7-9661-41eb-a1d8-67bd2d35aff7', 'content': 'Hello Kafka! Producer online Here', 'timestamp': '2024-05-07T09:27:07.767233'}
2024-05-07 09:28:09,558 - INFO - __main__ - Processing message: {'uuid': 'd3f97190-2b91-4581-9036-904deaa0e45b', 'content': 'Hello Kafka! Producer online Here', 'timestamp': '2024-05-07T09:27:09.772380'}
2024-05-07 09:28:09,559 - INFO - __main__ - Processing message: {'uuid': 'f429ad7f-fbf5-4ec8-8428-e5c24ed8e938', 'content': 'Hello Kafka! Producer online Here', 'timestamp': '2024-05-07T09:27:11.776537'}
2024-05-07 09:28:09,559 - INFO - __main__ - Processing message: {'uuid': 'ef1c9f0b-6c8b-47e1-b99b-b8262750ee64', 'content': 'Hello Kafka! Producer online Here', 'timestamp': '2024-05-07T09:27:13.780479'}
2024-05-07 09:28:09,559 - INFO - __main__ - Processing message: {'uuid': '81ea9fd5-f6f5-49af-88ec-d7e00f2eda9c', 'content': 'Hello Kafka! Producer online Here', 'timestamp': '2024-05-07T09:27:14.783048'}
2024-05-07 09:28:09,559 - INFO - __main__ - Processing message: {'uuid': 'f4f383ff-e3ed-4d29-9575-0f30d96d5f52', 'content': 'Hello Kafka! Producer online Here', 'timestamp': '2024-05-07T09:27:15.785671'}
2024-05-07 09:28:09,559 - INFO - __main__ - Processing message: {'uuid': '1619ef78-b5ce-4788-befe-748d6c499af4', 'content': 'Hello Kafka! Producer online Here', 'timestamp': '2024-05-07T09:27:16.788154'}
2024-05-07 09:28:09,560 - INFO - __main__ - Processing message: {'uuid': '12bac317-ed58-4ad7-9a99-f7ee79ff2712', 'content': 'Hello Kafka! Producer online Here', 'timestamp': '2024-05-07T09:27:18.793314'}
2024-05-07 09:28:09,560 - INFO - __main__ - Processing message: {'uuid': '4ad4f618-c60b-4823-8c0a-c69a2eb07e39', 'content': 'Hello Kafka! Producer online Here', 'timestamp': '2024-05-07T09:27:20.798558'}
2024-05-07 09:28:09,560 - INFO - __main__ - Processing message: {'uuid': 'b2969320-fdb3-4756-8da8-6d0a0b004cf1', 'content': 'Hello Kafka! Producer online Here', 'timestamp': '2024-05-07T09:27:27.816642'}
2024-05-07 09:28:09,560 - INFO - __main__ - Processing message: {'uuid': '98584eef-5f37-41b3-bd8f-2a607e65e604', 'content': 'Hello Kafka! Producer online Here', 'timestamp': '2024-05-07T09:27:29.822058'}
2024-05-07 09:28:09,560 - INFO - __main__ - Processing message: {'uuid': 'fe3221be-7576-4b98-8d07-2f68172399ca', 'content': 'Hello Kafka! Producer online Here', 'timestamp': '2024-05-07T09:27:31.826471'}
2024-05-07 09:28:09,560 - INFO - __main__ - Processing message: {'uuid': 'ffef85e3-0d5e-40ca-ba93-00134f27b462', 'content': 'Hello Kafka! Producer online Here', 'timestamp': '2024-05-07T09:27:33.831678'}
2024-05-07 09:28:09,561 - INFO - __main__ - Processing message: {'uuid': 'efe7aa23-818b-45b9-a27e-6dad5940aa25', 'content': 'Hello Kafka! Producer online Here', 'timestamp': '2024-05-07T09:27:41.851858'}
2024-05-07 09:28:09,561 - INFO - __main__ - Processing message: {'uuid': '512d5d2c-98f9-4dc2-bcd7-517f67675a1c', 'content': 'Hello Kafka! Producer online Here', 'timestamp': '2024-05-07T09:27:42.854535'}
2024-05-07 09:28:09,561 - INFO - __main__ - Processing message: {'uuid': 'cc34a6a3-bdff-416b-990e-8b0ef8551c1f', 'content': 'Hello Kafka! Producer online Here', 'timestamp': '2024-05-07T09:27:49.872125'}
2024-05-07 09:28:09,561 - INFO - __main__ - Processing message: {'uuid': '40eb63c4-2b0f-4dbb-9466-22db7fb17fc8', 'content': 'Hello Kafka! Producer online Here', 'timestamp': '2024-05-07T09:27:52.880059'}
2024-05-07 09:28:09,562 - INFO - __main__ - Processing message: {'uuid': 'bbca7c3c-af1b-46e8-a665-16dd8549d3a2', 'content': 'Hello Kafka! Producer online Here', 'timestamp': '2024-05-07T09:27:54.884438'}
2024-05-07 09:28:09,562 - INFO - __main__ - Processing message: {'uuid': '8129e459-76a9-4a2b-94a6-5c589ddf2096', 'content': 'Hello Kafka! Producer online Here', 'timestamp': '2024-05-07T09:27:56.889416'}
2024-05-07 09:28:09,562 - INFO - __main__ - Processing message: {'uuid': '79a5f90b-b0e3-4f95-9327-162b08b038f4', 'content': 'Hello Kafka! Producer online Here', 'timestamp': '2024-05-07T09:27:59.897213'}
2024-05-07 09:28:09,562 - INFO - __main__ - Processing message: {'uuid': '59edc736-ed4d-4800-9aa5-98662f37d308', 'content': 'Hello Kafka! Producer online Here', 'timestamp': '2024-05-07T09:28:02.905121'}
2024-05-07 09:28:09,562 - INFO - __main__ - Processing message: {'uuid': '2d180267-55e4-4185-9973-7a8b5b6aee07', 'content': 'Hello Kafka! Producer online Here', 'timestamp': '2024-05-07T09:28:04.910244'}
2024-05-07 09:28:09,563 - INFO - __main__ - Processing message: {'uuid': '06e96d88-a60f-4616-a27a-c6ca4ff87e28', 'content': 'Hello Kafka! Producer online Here', 'timestamp': '2024-05-07T09:28:06.914178'}
2024-05-07 09:28:09,563 - INFO - __main__ - Processing message: {'uuid': '68a43915-d042-4344-80aa-b8868f07b170', 'content': 'Hello Kafka! Producer online Here', 'timestamp': '2024-05-07T09:28:07.916741'}
2024-05-07 09:28:09,563 - INFO - __main__ - Processing message: {'uuid': 'b49ffb49-8c06-45a8-bce0-986c821e110a', 'content': 'Hello Kafka! Producer online Here', 'timestamp': '2024-05-07T09:26:34.683183'}
2024-05-07 09:28:09,563 - INFO - __main__ - Processing message: {'uuid': 'b0c5b83f-8672-417d-a7d2-c2655e44adee', 'content': 'Hello Kafka! Producer online Here', 'timestamp': '2024-05-07T09:26:37.690934'}
2024-05-07 09:28:09,563 - INFO - __main__ - Processing message: {'uuid': 'fb4c2770-769d-4071-8a15-eff97c64f1c6', 'content': 'Hello Kafka! Producer online Here', 'timestamp': '2024-05-07T09:26:38.693620'}
2024-05-07 09:28:09,564 - INFO - __main__ - Processing message: {'uuid': 'c19791d3-6691-4f30-8e34-5e38bede014c', 'content': 'Hello Kafka! Producer online Here', 'timestamp': '2024-05-07T09:26:39.696205'}
2024-05-07 09:28:09,564 - INFO - __main__ - Processing message: {'uuid': '9b401e9a-c63a-4827-8d22-29576738b8ff', 'content': 'Hello Kafka! Producer online Here', 'timestamp': '2024-05-07T09:26:43.706889'}
2024-05-07 09:28:09,564 - INFO - __main__ - Processing message: {'uuid': 'fe93c70c-a0e6-4407-aec7-08b7496d2529', 'content': 'Hello Kafka! Producer online Here', 'timestamp': '2024-05-07T09:26:46.714254'}
2024-05-07 09:28:09,564 - INFO - __main__ - Processing message: {'uuid': '9fd9a972-9fdf-4936-91ff-89dd9633c7f8', 'content': 'Hello Kafka! Producer online Here', 'timestamp': '2024-05-07T09:26:47.716919'}
2024-05-07 09:28:09,564 - INFO - __main__ - Processing message: {'uuid': 'c76b1235-95c5-413a-993e-e7d737c07979', 'content': 'Hello Kafka! Producer online Here', 'timestamp': '2024-05-07T09:26:55.736753'}
2024-05-07 09:28:09,565 - INFO - __main__ - Processing message: {'uuid': '76ee882e-8755-4c28-be53-1ed3d453dd97', 'content': 'Hello Kafka! Producer online Here', 'timestamp': '2024-05-07T09:26:57.741924'}
2024-05-07 09:28:09,565 - INFO - __main__ - Processing message: {'uuid': 'ca36c90b-b902-4534-b5d3-d6c0841f6183', 'content': 'Hello Kafka! Producer online Here', 'timestamp': '2024-05-07T09:26:58.744630'}
2024-05-07 09:28:09,565 - INFO - __main__ - Processing message: {'uuid': '74dba05c-2b1a-4b89-a02d-31f1ba2588cc', 'content': 'Hello Kafka! Producer online Here', 'timestamp': '2024-05-07T09:27:03.757615'}
2024-05-07 09:28:09,565 - INFO - __main__ - Processing message: {'uuid': 'b25bb018-cb73-4b4b-b48e-df16ba8a79c0', 'content': 'Hello Kafka! Producer online Here', 'timestamp': '2024-05-07T09:27:05.762177'}
2024-05-07 09:28:09,565 - INFO - __main__ - Processing message: {'uuid': '26dd84c4-127b-4508-8663-08b05b64b3bb', 'content': 'Hello Kafka! Producer online Here', 'timestamp': '2024-05-07T09:27:08.769883'}
2024-05-07 09:28:09,566 - INFO - __main__ - Processing message: {'uuid': '260cb42d-99c4-4396-b442-5331b281a195', 'content': 'Hello Kafka! Producer online Here', 'timestamp': '2024-05-07T09:27:12.778100'}
2024-05-07 09:28:09,566 - INFO - __main__ - Processing message: {'uuid': '6a8c3518-f539-4471-a633-61d6f50f442c', 'content': 'Hello Kafka! Producer online Here', 'timestamp': '2024-05-07T09:27:19.796029'}
2024-05-07 09:28:09,566 - INFO - __main__ - Processing message: {'uuid': 'f0ac02b3-2234-4ef2-98ee-c700765bb958', 'content': 'Hello Kafka! Producer online Here', 'timestamp': '2024-05-07T09:27:21.801145'}
2024-05-07 09:28:09,566 - INFO - __main__ - Processing message: {'uuid': '27a8ee44-aff8-42d1-a152-0c95b3a705fa', 'content': 'Hello Kafka! Producer online Here', 'timestamp': '2024-05-07T09:27:24.808893'}
2024-05-07 09:28:09,566 - INFO - __main__ - Processing message: {'uuid': 'fd7f5260-1be5-4f7a-938f-a494ae5292ce', 'content': 'Hello Kafka! Producer online Here', 'timestamp': '2024-05-07T09:27:25.811527'}
2024-05-07 09:28:09,567 - INFO - __main__ - Processing message: {'uuid': '54985d62-f3e8-4188-9d21-2a1e3cd53398', 'content': 'Hello Kafka! Producer online Here', 'timestamp': '2024-05-07T09:27:28.819267'}
2024-05-07 09:28:09,567 - INFO - __main__ - Processing message: {'uuid': '37657d7b-1d19-4d9e-bdc6-78b4ec68fa9f', 'content': 'Hello Kafka! Producer online Here', 'timestamp': '2024-05-07T09:27:30.824687'}
2024-05-07 09:28:09,567 - INFO - __main__ - Processing message: {'uuid': '922671d3-5a49-4e59-8043-09503069b117', 'content': 'Hello Kafka! Producer online Here', 'timestamp': '2024-05-07T09:27:32.829119'}
2024-05-07 09:28:09,567 - INFO - __main__ - Processing message: {'uuid': '6068eda0-c490-4236-82df-a223294b926a', 'content': 'Hello Kafka! Producer online Here', 'timestamp': '2024-05-07T09:27:34.834167'}
2024-05-07 09:28:09,567 - INFO - __main__ - Processing message: {'uuid': 'ed3cf89a-525c-4c58-8a72-ddd62365376a', 'content': 'Hello Kafka! Producer online Here', 'timestamp': '2024-05-07T09:27:36.839456'}
2024-05-07 09:28:09,568 - INFO - __main__ - Processing message: {'uuid': '7d4eca14-5aee-4ff6-9213-4c42f92655bd', 'content': 'Hello Kafka! Producer online Here', 'timestamp': '2024-05-07T09:27:40.849166'}
2024-05-07 09:28:09,568 - INFO - __main__ - Processing message: {'uuid': 'f590c2bc-b477-478b-80bf-853caea7ac7f', 'content': 'Hello Kafka! Producer online Here', 'timestamp': '2024-05-07T09:27:43.857228'}
2024-05-07 09:28:09,568 - INFO - __main__ - Processing message: {'uuid': '2fb38bc1-124e-4050-ab4f-12dc1d5c02bc', 'content': 'Hello Kafka! Producer online Here', 'timestamp': '2024-05-07T09:27:46.864355'}
2024-05-07 09:28:09,568 - INFO - __main__ - Processing message: {'uuid': '480816f3-623e-49fd-b61c-8d638b7e81a8', 'content': 'Hello Kafka! Producer online Here', 'timestamp': '2024-05-07T09:27:51.877365'}
2024-05-07 09:28:09,568 - INFO - __main__ - Processing message: {'uuid': '158802ed-a90e-407a-a012-bf87b1d0e750', 'content': 'Hello Kafka! Producer online Here', 'timestamp': '2024-05-07T09:27:53.881994'}
2024-05-07 09:28:09,569 - INFO - __main__ - Processing message: {'uuid': 'c3a1fcc6-ef8c-4c61-996f-47a476140247', 'content': 'Hello Kafka! Producer online Here', 'timestamp': '2024-05-07T09:27:57.892046'}
2024-05-07 09:28:09,569 - INFO - __main__ - Processing message: {'uuid': '6643799d-2394-4200-ab56-e7a2337af338', 'content': 'Hello Kafka! Producer online Here', 'timestamp': '2024-05-07T09:28:00.899896'}
2024-05-07 09:28:09,569 - INFO - __main__ - Processing message: {'uuid': '2c2164d9-8448-4f69-adcd-e2daaf78ce28', 'content': 'Hello Kafka! Producer online Here', 'timestamp': '2024-05-07T09:28:01.902551'}
2024-05-07 09:28:09,569 - INFO - __main__ - Processing message: {'uuid': '21e8c37f-6f5c-40a3-97d4-3055e6b6bbac', 'content': 'Hello Kafka! Producer online Here', 'timestamp': '2024-05-07T09:28:05.912641'}
2024-05-07 09:28:09,569 - INFO - __main__ - Processing message: {'uuid': '873d45f9-fac9-4cc8-a19d-ff42904465db', 'content': 'Hello Kafka! Producer online Here', 'timestamp': '2024-05-07T09:28:08.919273'}
2024-05-07 09:28:09,933 - INFO - __main__ - Processing message: {'uuid': 'af352bf5-df23-4eff-9c93-2490834f653e', 'content': 'Hello Kafka! Producer online Here', 'timestamp': '2024-05-07T09:28:09.921781'}
2024-05-07 09:28:10,934 - INFO - __main__ - Processing message: {'uuid': '2b647739-3298-4186-b8aa-91eb526bff29', 'content': 'Hello Kafka! Producer online Here', 'timestamp': '2024-05-07T09:28:10.924305'}
2024-05-07 09:28:11,937 - INFO - __main__ - Processing message: {'uuid': '4176d31f-167f-44cb-a7c5-ac0b25558ce6', 'content': 'Hello Kafka! Producer online Here', 'timestamp': '2024-05-07T09:28:11.926616'}
2024-05-07 09:28:12,940 - INFO - __main__ - Processing message: {'uuid': 'efaf554c-26aa-420f-aedb-414ceaad169f', 'content': 'Hello Kafka! Producer online Here', 'timestamp': '2024-05-07T09:28:12.929196'}
2024-05-07 09:28:13,942 - INFO - __main__ - Processing message: {'uuid': '06a57cd8-7b48-4332-89b7-401df6d5638f', 'content': 'Hello Kafka! Producer online Here', 'timestamp': '2024-05-07T09:28:13.931095'}
2024-05-07 09:28:14,946 - INFO - __main__ - Processing message: {'uuid': '8ed5f84b-9bc7-43be-b064-4f088ef02f66', 'content': 'Hello Kafka! Producer online Here', 'timestamp': '2024-05-07T09:28:14.933777'}
2024-05-07 09:28:15,946 - INFO - __main__ - Processing message: {'uuid': 'dc7e1985-e780-4d1a-9f0a-858c69a2feab', 'content': 'Hello Kafka! Producer online Here', 'timestamp': '2024-05-07T09:28:15.936344'}
2024-05-07 09:28:16,950 - INFO - __main__ - Processing message: {'uuid': '1e2d607d-5b6f-46e2-bf5d-52234769652b', 'content': 'Hello Kafka! Producer online Here', 'timestamp': '2024-05-07T09:28:16.938869'}
2024-05-07 09:28:17,951 - INFO - __main__ - Processing message: {'uuid': 'e65b5cdf-96f0-4fa8-8ae5-7ae671bfc82a', 'content': 'Hello Kafka! Producer online Here', 'timestamp': '2024-05-07T09:28:17.941434'}
2024-05-07 09:28:18,954 - INFO - __main__ - Processing message: {'uuid': '49abd0d2-75eb-4b1c-95cd-517b0686155a', 'content': 'Hello Kafka! Producer online Here', 'timestamp': '2024-05-07T09:28:18.944000'}
2024-05-07 09:28:19,957 - INFO - __main__ - Processing message: {'uuid': 'e7716a0a-f598-4948-a573-9029995bb2c5', 'content': 'Hello Kafka! Producer online Here', 'timestamp': '2024-05-07T09:28:19.946676'}
2024-05-07 09:28:20,960 - INFO - __main__ - Processing message: {'uuid': 'af203e13-3d1c-4938-8fdd-903ff1123f2c', 'content': 'Hello Kafka! Producer online Here', 'timestamp': '2024-05-07T09:28:20.949212'}
2024-05-07 09:28:21,962 - INFO - __main__ - Processing message: {'uuid': 'fc1d148c-bfb8-4c76-afef-de9b4dcd3858', 'content': 'Hello Kafka! Producer online Here', 'timestamp': '2024-05-07T09:28:21.951759'}
2024-05-07 09:28:22,964 - INFO - __main__ - Processing message: {'uuid': 'c75ac299-17ff-4832-bfe7-fbc8f41342eb', 'content': 'Hello Kafka! Producer online Here', 'timestamp': '2024-05-07T09:28:22.954370'}
2024-05-07 09:28:23,967 - INFO - __main__ - Processing message: {'uuid': '085b433b-d1a4-40cb-92c3-f6650749b6c4', 'content': 'Hello Kafka! Producer online Here', 'timestamp': '2024-05-07T09:28:23.956884'}
2024-05-07 09:28:24,972 - INFO - __main__ - Processing message: {'uuid': '41344483-addc-4317-b3ba-53dcfc42696b', 'content': 'Hello Kafka! Producer online Here', 'timestamp': '2024-05-07T09:28:24.959605'}
2024-05-07 09:28:25,973 - INFO - __main__ - Processing message: {'uuid': '7faa524e-2f5b-4b1f-a282-d1f480256bfb', 'content': 'Hello Kafka! Producer online Here', 'timestamp': '2024-05-07T09:28:25.962258'}
2024-05-07 09:28:26,976 - INFO - __main__ - Processing message: {'uuid': '1aa22fd5-afa4-40f3-afa9-3038a7007d5d', 'content': 'Hello Kafka! Producer online Here', 'timestamp': '2024-05-07T09:28:26.964580'}
2024-05-07 09:28:27,976 - INFO - __main__ - Processing message: {'uuid': 'a3e539c1-8ce4-44a5-b374-d5b317d03302', 'content': 'Hello Kafka! Producer online Here', 'timestamp': '2024-05-07T09:28:27.966071'}
2024-05-07 09:28:28,979 - INFO - __main__ - Processing message: {'uuid': '2fb15ae8-163d-4054-9e8d-2617b4059177', 'content': 'Hello Kafka! Producer online Here', 'timestamp': '2024-05-07T09:28:28.968389'}
2024-05-07 09:28:29,980 - INFO - __main__ - Processing message: {'uuid': '6e453980-496b-4ddb-954e-c24f99b964d9', 'content': 'Hello Kafka! Producer online Here', 'timestamp': '2024-05-07T09:28:29.970029'}
2024-05-07 09:28:30,983 - INFO - __main__ - Processing message: {'uuid': 'a5a999a9-8164-496c-8a8e-7ad3db711a8d', 'content': 'Hello Kafka! Producer online Here', 'timestamp': '2024-05-07T09:28:30.972310'}
2024-05-07 09:28:31,985 - INFO - __main__ - Processing message: {'uuid': '5f2e3886-fffa-4585-a0eb-4fd818c982ed', 'content': 'Hello Kafka! Producer online Here', 'timestamp': '2024-05-07T09:28:31.974135'}
2024-05-07 09:28:32,986 - INFO - __main__ - Processing message: {'uuid': 'e62822b4-e092-45c6-b177-451e67207c99', 'content': 'Hello Kafka! Producer online Here', 'timestamp': '2024-05-07T09:28:32.976537'}
2024-05-07 09:28:33,987 - INFO - __main__ - Processing message: {'uuid': '72fae9df-2fba-42d1-9079-01619112da70', 'content': 'Hello Kafka! Producer online Here', 'timestamp': '2024-05-07T09:28:33.977962'}
2024-05-07 09:28:34,991 - INFO - __main__ - Processing message: {'uuid': '85e59a2a-bb06-4644-a28b-ec63227ec23c', 'content': 'Hello Kafka! Producer online Here', 'timestamp': '2024-05-07T09:28:34.980352'}
2024-05-07 09:28:35,992 - INFO - __main__ - Processing message: {'uuid': '73e55196-17b2-4d2a-91ff-bf4291457f90', 'content': 'Hello Kafka! Producer online Here', 'timestamp': '2024-05-07T09:28:35.983018'}
2024-05-07 09:28:36,994 - INFO - __main__ - Processing message: {'uuid': '2737bac1-e71b-4f52-8fcf-dc6cdd774156', 'content': 'Hello Kafka! Producer online Here', 'timestamp': '2024-05-07T09:28:36.985597'}
2024-05-07 09:28:37,999 - INFO - __main__ - Processing message: {'uuid': '70efb826-2df8-4ce9-bdf2-04f11c97cb19', 'content': 'Hello Kafka! Producer online Here', 'timestamp': '2024-05-07T09:28:37.988195'}
2024-05-07 09:28:39,000 - INFO - __main__ - Processing message: {'uuid': 'bf183318-75dc-43c9-861f-1be1597ec375', 'content': 'Hello Kafka! Producer online Here', 'timestamp': '2024-05-07T09:28:38.990117'}
2024-05-07 09:28:40,002 - INFO - __main__ - Processing message: {'uuid': '0392ef57-da40-4e68-b2f7-9f6c2a38b059', 'content': 'Hello Kafka! Producer online Here', 'timestamp': '2024-05-07T09:28:39.992784'}
2024-05-07 09:28:41,005 - INFO - __main__ - Processing message: {'uuid': '7cfbd190-d9c3-49e2-a785-0bad9a7bdd7d', 'content': 'Hello Kafka! Producer online Here', 'timestamp': '2024-05-07T09:28:40.995395'}
2024-05-07 09:28:42,007 - INFO - __main__ - Processing message: {'uuid': '63f295ab-5dfe-4203-9bee-329da23a5abe', 'content': 'Hello Kafka! Producer online Here', 'timestamp': '2024-05-07T09:28:41.997633'}
2024-05-07 09:28:43,011 - INFO - __main__ - Processing message: {'uuid': 'a6616bbc-13d1-441f-8f7b-b861e724a29a', 'content': 'Hello Kafka! Producer online Here', 'timestamp': '2024-05-07T09:28:43.000662'}
2024-05-07 09:28:44,015 - INFO - __main__ - Processing message: {'uuid': '5f229609-ac67-4174-a9f0-9108ce3c89c8', 'content': 'Hello Kafka! Producer online Here', 'timestamp': '2024-05-07T09:28:44.003268'}
2024-05-07 09:28:45,016 - INFO - __main__ - Processing message: {'uuid': 'c83246cb-f058-48bb-bf34-550eabf14473', 'content': 'Hello Kafka! Producer online Here', 'timestamp': '2024-05-07T09:28:45.005927'}
2024-05-07 09:28:46,019 - INFO - __main__ - Processing message: {'uuid': '05993154-433a-4207-a199-809aba9535b4', 'content': 'Hello Kafka! Producer online Here', 'timestamp': '2024-05-07T09:28:46.008482'}
2024-05-07 09:28:47,020 - INFO - __main__ - Processing message: {'uuid': '5881cc72-86a0-45d8-a39b-148b67357964', 'content': 'Hello Kafka! Producer online Here', 'timestamp': '2024-05-07T09:28:47.010801'}
2024-05-07 09:28:48,022 - INFO - __main__ - Processing message: {'uuid': 'e87d5eab-32dd-41dc-ae38-9334cc3e44b9', 'content': 'Hello Kafka! Producer online Here', 'timestamp': '2024-05-07T09:28:48.013250'}
2024-05-07 09:28:49,026 - INFO - __main__ - Processing message: {'uuid': '7eeb9c6f-b95b-423e-9edf-c5f3d2b84654', 'content': 'Hello Kafka! Producer online Here', 'timestamp': '2024-05-07T09:28:49.015870'}
2024-05-07 09:28:50,032 - INFO - __main__ - Processing message: {'uuid': '7b7ef158-4650-4899-b7e3-1dd1e495da76', 'content': 'Hello Kafka! Producer online Here', 'timestamp': '2024-05-07T09:28:50.018501'}
2024-05-07 09:28:51,035 - INFO - __main__ - Processing message: {'uuid': '8b04c380-dc9b-4893-90ca-f5fe1318c6f2', 'content': 'Hello Kafka! Producer online Here', 'timestamp': '2024-05-07T09:28:51.021133'}
